04/27/22 10:50:30 ******************************************************
04/27/22 10:50:30 ** condor_scheduniv_exec.4581888.0 (CONDOR_DAGMAN) STARTING UP
04/27/22 10:50:30 ** /usr/bin/condor_dagman
04/27/22 10:50:30 ** SubsystemInfo: name=DAGMAN type=DAGMAN(10) class=DAEMON(1)
04/27/22 10:50:30 ** Configuration: subsystem:DAGMAN local:<NONE> class:DAEMON
04/27/22 10:50:30 ** $CondorVersion: 8.9.8 Aug 05 2020 BuildID: 513887 PackageID: 8.9.8-1 $
04/27/22 10:50:30 ** $CondorPlatform: x86_64_CentOS7 $
04/27/22 10:50:30 ** PID = 4009487
04/27/22 10:50:30 ** Log last touched time unavailable (No such file or directory)
04/27/22 10:50:30 ******************************************************
04/27/22 10:50:30 Using config source: /etc/condor/condor_config
04/27/22 10:50:30 Using local config sources: 
04/27/22 10:50:30    /etc/condor/config.d/00_config_local.config
04/27/22 10:50:30    /etc/condor/config.d/10_security.config
04/27/22 10:50:30    /etc/condor/config.d/12_resourcelimits.config
04/27/22 10:50:30    /etc/condor/config.d/21_schedd.config
04/27/22 10:50:30    /etc/condor/config.d/23_ganglia.config
04/27/22 10:50:30    /etc/condor/config.d/50_schedd_log_rotation.conf
04/27/22 10:50:30    /etc/condor/config.d/70_schedd_custom.conf
04/27/22 10:50:30    /etc/condor/config.d/98_iihe_extras.conf
04/27/22 10:50:30    /etc/condor/config.d/99-site-sec-fix-auth.conf
04/27/22 10:50:30    /etc/condor/condor_config.local
04/27/22 10:50:30 config Macros = 148, Sorted = 148, StringBytes = 5991, TablesBytes = 5440
04/27/22 10:50:30 CLASSAD_CACHING is ENABLED
04/27/22 10:50:30 Daemon Log is logging: D_ALWAYS D_ERROR
04/27/22 10:50:30 DaemonCore: No command port requested.
04/27/22 10:50:30 DAGMAN_USE_STRICT setting: 1
04/27/22 10:50:30 DAGMAN_VERBOSITY setting: 3
04/27/22 10:50:30 DAGMAN_DEBUG_CACHE_SIZE setting: 5242880
04/27/22 10:50:30 DAGMAN_DEBUG_CACHE_ENABLE setting: False
04/27/22 10:50:30 DAGMAN_SUBMIT_DELAY setting: 0
04/27/22 10:50:30 DAGMAN_MAX_SUBMIT_ATTEMPTS setting: 6
04/27/22 10:50:30 DAGMAN_STARTUP_CYCLE_DETECT setting: False
04/27/22 10:50:30 DAGMAN_MAX_SUBMITS_PER_INTERVAL setting: 100
04/27/22 10:50:30 DAGMAN_AGGRESSIVE_SUBMIT setting: False
04/27/22 10:50:30 DAGMAN_USER_LOG_SCAN_INTERVAL setting: 5
04/27/22 10:50:30 DAGMAN_QUEUE_UPDATE_INTERVAL setting: 300
04/27/22 10:50:30 DAGMAN_DEFAULT_PRIORITY setting: 0
04/27/22 10:50:30 DAGMAN_SUPPRESS_NOTIFICATION setting: True
04/27/22 10:50:30 allow_events (DAGMAN_ALLOW_EVENTS) setting: 114
04/27/22 10:50:30 DAGMAN_RETRY_SUBMIT_FIRST setting: True
04/27/22 10:50:30 DAGMAN_RETRY_NODE_FIRST setting: False
04/27/22 10:50:30 DAGMAN_MAX_JOBS_IDLE setting: 1000
04/27/22 10:50:30 DAGMAN_MAX_JOBS_SUBMITTED setting: 0
04/27/22 10:50:30 DAGMAN_MAX_PRE_SCRIPTS setting: 20
04/27/22 10:50:30 DAGMAN_MAX_POST_SCRIPTS setting: 20
04/27/22 10:50:30 DAGMAN_MUNGE_NODE_NAMES setting: True
04/27/22 10:50:30 DAGMAN_PROHIBIT_MULTI_JOBS setting: False
04/27/22 10:50:30 DAGMAN_SUBMIT_DEPTH_FIRST setting: False
04/27/22 10:50:30 DAGMAN_ALWAYS_RUN_POST setting: False
04/27/22 10:50:30 DAGMAN_CONDOR_SUBMIT_EXE setting: /usr/bin/condor_submit
04/27/22 10:50:30 DAGMAN_USE_CONDOR_SUBMIT setting: True
04/27/22 10:50:30 DAGMAN_ABORT_DUPLICATES setting: True
04/27/22 10:50:30 DAGMAN_ABORT_ON_SCARY_SUBMIT setting: True
04/27/22 10:50:30 DAGMAN_PENDING_REPORT_INTERVAL setting: 600
04/27/22 10:50:30 DAGMAN_AUTO_RESCUE setting: True
04/27/22 10:50:30 DAGMAN_MAX_RESCUE_NUM setting: 100
04/27/22 10:50:30 DAGMAN_WRITE_PARTIAL_RESCUE setting: True
04/27/22 10:50:30 DAGMAN_DEFAULT_NODE_LOG setting: @(DAG_DIR)/@(DAG_FILE).nodes.log
04/27/22 10:50:30 DAGMAN_GENERATE_SUBDAG_SUBMITS setting: True
04/27/22 10:50:30 DAGMAN_MAX_JOB_HOLDS setting: 100
04/27/22 10:50:30 DAGMAN_HOLD_CLAIM_TIME setting: 20
04/27/22 10:50:30 ALL_DEBUG setting: 
04/27/22 10:50:30 DAGMAN_DEBUG setting: 
04/27/22 10:50:30 DAGMAN_SUPPRESS_JOB_LOGS setting: False
04/27/22 10:50:30 DAGMAN_REMOVE_NODE_JOBS setting: True
04/27/22 10:50:30 DAGMAN will adjust edges after parsing
04/27/22 10:50:30 argv[0] == "condor_scheduniv_exec.4581888.0"
04/27/22 10:50:30 argv[1] == "-Lockfile"
04/27/22 10:50:30 argv[2] == "dag_generate.dag.lock"
04/27/22 10:50:30 argv[3] == "-AutoRescue"
04/27/22 10:50:30 argv[4] == "1"
04/27/22 10:50:30 argv[5] == "-DoRescueFrom"
04/27/22 10:50:30 argv[6] == "0"
04/27/22 10:50:30 argv[7] == "-Dag"
04/27/22 10:50:30 argv[8] == "dag_generate.dag"
04/27/22 10:50:30 argv[9] == "-Suppress_notification"
04/27/22 10:50:30 argv[10] == "-CsdVersion"
04/27/22 10:50:30 argv[11] == "$CondorVersion: 8.9.8 Aug 05 2020 BuildID: 513887 PackageID: 8.9.8-1 $"
04/27/22 10:50:30 argv[12] == "-Force"
04/27/22 10:50:30 argv[13] == "-Dagman"
04/27/22 10:50:30 argv[14] == "/usr/bin/condor_dagman"
04/27/22 10:50:30 Workflow batch-name: <dag_generate.dag+4581888>
04/27/22 10:50:30 Workflow accounting_group: <>
04/27/22 10:50:30 Workflow accounting_group_user: <>
04/27/22 10:50:30 Warning: failed to get attribute DAGNodeName
04/27/22 10:50:30 DAGMAN_LOG_ON_NFS_IS_ERROR setting: False
04/27/22 10:50:30 Default node log file is: </storage_mnt/storage/user/sdansana/HToSS-Search/MC_production/CMSSW_12_0_2_patch1/src/generation_scripts/sample_scripts/./dag_generate.dag.nodes.log>
04/27/22 10:50:30 DAG Lockfile will be written to dag_generate.dag.lock
04/27/22 10:50:30 DAG Input file is dag_generate.dag
04/27/22 10:50:30 Parsing 1 dagfiles
04/27/22 10:50:30 Parsing dag_generate.dag ...
04/27/22 10:50:30 Adjusting edges
04/27/22 10:50:30 Dag contains 8 total jobs
04/27/22 10:50:30 Bootstrapping...
04/27/22 10:50:30 Number of pre-completed nodes: 0
04/27/22 10:50:30 MultiLogFiles: truncating log file /storage_mnt/storage/user/sdansana/HToSS-Search/MC_production/CMSSW_12_0_2_patch1/src/generation_scripts/sample_scripts/./dag_generate.dag.nodes.log
04/27/22 10:50:30 DAG status: 0 (DAG_STATUS_OK)
04/27/22 10:50:30 Of 8 nodes total:
04/27/22 10:50:30  Done     Pre   Queued    Post   Ready   Un-Ready   Failed
04/27/22 10:50:30   ===     ===      ===     ===     ===        ===      ===
04/27/22 10:50:30     0       0        0       0       2          6        0
04/27/22 10:50:30 0 job proc(s) currently held
04/27/22 10:50:30 DAGMan Runtime Statistics: [ EventCycleTimeCount = 0.0; EventCycleTimeSum = 0.0; LogProcessCycleTimeCount = 0.0; LogProcessCycleTimeSum = 0.0; SleepCycleTimeCount = 0.0; SleepCycleTimeSum = 0.0; SubmitCycleTimeCount = 0.0; SubmitCycleTimeSum = 0.0; ]
04/27/22 10:50:30 Registering condor_event_timer...
04/27/22 10:50:30 ******************************************************
04/27/22 10:50:30 ** condor_scheduniv_exec.4580473.0 (CONDOR_DAGMAN) STARTING UP
04/27/22 10:50:30 ** /usr/bin/condor_dagman
04/27/22 10:50:30 ** SubsystemInfo: name=DAGMAN type=DAGMAN(10) class=DAEMON(1)
04/27/22 10:50:30 ** Configuration: subsystem:DAGMAN local:<NONE> class:DAEMON
04/27/22 10:50:30 ** $CondorVersion: 8.9.8 Aug 05 2020 BuildID: 513887 PackageID: 8.9.8-1 $
04/27/22 10:50:30 ** $CondorPlatform: x86_64_CentOS7 $
04/27/22 10:50:30 ** PID = 4009486
04/27/22 10:50:30 ** Log last touched 4/27 10:50:30
04/27/22 10:50:30 ******************************************************
04/27/22 10:50:30 Using config source: /etc/condor/condor_config
04/27/22 10:50:30 Using local config sources: 
04/27/22 10:50:30    /etc/condor/config.d/00_config_local.config
04/27/22 10:50:30    /etc/condor/config.d/10_security.config
04/27/22 10:50:30    /etc/condor/config.d/12_resourcelimits.config
04/27/22 10:50:30    /etc/condor/config.d/21_schedd.config
04/27/22 10:50:30    /etc/condor/config.d/23_ganglia.config
04/27/22 10:50:30    /etc/condor/config.d/50_schedd_log_rotation.conf
04/27/22 10:50:30    /etc/condor/config.d/70_schedd_custom.conf
04/27/22 10:50:30    /etc/condor/config.d/98_iihe_extras.conf
04/27/22 10:50:30    /etc/condor/config.d/99-site-sec-fix-auth.conf
04/27/22 10:50:30    /etc/condor/condor_config.local
04/27/22 10:50:30 config Macros = 148, Sorted = 148, StringBytes = 5991, TablesBytes = 5440
04/27/22 10:50:30 CLASSAD_CACHING is ENABLED
04/27/22 10:50:30 Daemon Log is logging: D_ALWAYS D_ERROR
04/27/22 10:50:30 DaemonCore: No command port requested.
04/27/22 10:50:30 DAGMAN_USE_STRICT setting: 1
04/27/22 10:50:30 DAGMAN_VERBOSITY setting: 3
04/27/22 10:50:30 DAGMAN_DEBUG_CACHE_SIZE setting: 5242880
04/27/22 10:50:30 DAGMAN_DEBUG_CACHE_ENABLE setting: False
04/27/22 10:50:30 DAGMAN_SUBMIT_DELAY setting: 0
04/27/22 10:50:30 DAGMAN_MAX_SUBMIT_ATTEMPTS setting: 6
04/27/22 10:50:30 DAGMAN_STARTUP_CYCLE_DETECT setting: False
04/27/22 10:50:30 DAGMAN_MAX_SUBMITS_PER_INTERVAL setting: 100
04/27/22 10:50:30 DAGMAN_AGGRESSIVE_SUBMIT setting: False
04/27/22 10:50:30 DAGMAN_USER_LOG_SCAN_INTERVAL setting: 5
04/27/22 10:50:30 DAGMAN_QUEUE_UPDATE_INTERVAL setting: 300
04/27/22 10:50:30 DAGMAN_DEFAULT_PRIORITY setting: 0
04/27/22 10:50:30 DAGMAN_SUPPRESS_NOTIFICATION setting: True
04/27/22 10:50:30 allow_events (DAGMAN_ALLOW_EVENTS) setting: 114
04/27/22 10:50:30 DAGMAN_RETRY_SUBMIT_FIRST setting: True
04/27/22 10:50:30 DAGMAN_RETRY_NODE_FIRST setting: False
04/27/22 10:50:30 DAGMAN_MAX_JOBS_IDLE setting: 1000
04/27/22 10:50:30 DAGMAN_MAX_JOBS_SUBMITTED setting: 0
04/27/22 10:50:30 DAGMAN_MAX_PRE_SCRIPTS setting: 20
04/27/22 10:50:30 DAGMAN_MAX_POST_SCRIPTS setting: 20
04/27/22 10:50:30 DAGMAN_MUNGE_NODE_NAMES setting: True
04/27/22 10:50:30 DAGMAN_PROHIBIT_MULTI_JOBS setting: False
04/27/22 10:50:30 DAGMAN_SUBMIT_DEPTH_FIRST setting: False
04/27/22 10:50:30 DAGMAN_ALWAYS_RUN_POST setting: False
04/27/22 10:50:30 DAGMAN_CONDOR_SUBMIT_EXE setting: /usr/bin/condor_submit
04/27/22 10:50:30 DAGMAN_USE_CONDOR_SUBMIT setting: True
04/27/22 10:50:30 DAGMAN_ABORT_DUPLICATES setting: True
04/27/22 10:50:30 DAGMAN_ABORT_ON_SCARY_SUBMIT setting: True
04/27/22 10:50:30 DAGMAN_PENDING_REPORT_INTERVAL setting: 600
04/27/22 10:50:30 DAGMAN_AUTO_RESCUE setting: True
04/27/22 10:50:30 DAGMAN_MAX_RESCUE_NUM setting: 100
04/27/22 10:50:30 DAGMAN_WRITE_PARTIAL_RESCUE setting: True
04/27/22 10:50:30 DAGMAN_DEFAULT_NODE_LOG setting: @(DAG_DIR)/@(DAG_FILE).nodes.log
04/27/22 10:50:30 DAGMAN_GENERATE_SUBDAG_SUBMITS setting: True
04/27/22 10:50:30 DAGMAN_MAX_JOB_HOLDS setting: 100
04/27/22 10:50:30 DAGMAN_HOLD_CLAIM_TIME setting: 20
04/27/22 10:50:30 ALL_DEBUG setting: 
04/27/22 10:50:30 DAGMAN_DEBUG setting: 
04/27/22 10:50:30 DAGMAN_SUPPRESS_JOB_LOGS setting: False
04/27/22 10:50:30 DAGMAN_REMOVE_NODE_JOBS setting: True
04/27/22 10:50:30 DAGMAN will adjust edges after parsing
04/27/22 10:50:30 argv[0] == "condor_scheduniv_exec.4580473.0"
04/27/22 10:50:30 argv[1] == "-Lockfile"
04/27/22 10:50:30 argv[2] == "dag_generate.dag.lock"
04/27/22 10:50:30 argv[3] == "-AutoRescue"
04/27/22 10:50:30 argv[4] == "1"
04/27/22 10:50:30 argv[5] == "-DoRescueFrom"
04/27/22 10:50:30 argv[6] == "0"
04/27/22 10:50:30 argv[7] == "-Dag"
04/27/22 10:50:30 argv[8] == "dag_generate.dag"
04/27/22 10:50:30 argv[9] == "-Suppress_notification"
04/27/22 10:50:30 argv[10] == "-CsdVersion"
04/27/22 10:50:30 argv[11] == "$CondorVersion: 8.9.8 Aug 05 2020 BuildID: 513887 PackageID: 8.9.8-1 $"
04/27/22 10:50:30 argv[12] == "-Force"
04/27/22 10:50:30 argv[13] == "-Dagman"
04/27/22 10:50:30 argv[14] == "/usr/bin/condor_dagman"
04/27/22 10:50:30 Workflow batch-name: <dag_generate.dag+4580473>
04/27/22 10:50:30 Workflow accounting_group: <>
04/27/22 10:50:30 Workflow accounting_group_user: <>
04/27/22 10:50:30 Warning: failed to get attribute DAGNodeName
04/27/22 10:50:30 DAGMAN_LOG_ON_NFS_IS_ERROR setting: False
04/27/22 10:50:30 Default node log file is: </storage_mnt/storage/user/sdansana/HToSS-Search/MC_production/CMSSW_12_0_2_patch1/src/generation_scripts/sample_scripts/./dag_generate.dag.nodes.log>
04/27/22 10:50:30 DAG Lockfile will be written to dag_generate.dag.lock
04/27/22 10:50:30 DAG Input file is dag_generate.dag
04/27/22 10:50:30 Parsing 1 dagfiles
04/27/22 10:50:30 Parsing dag_generate.dag ...
04/27/22 10:50:30 Adjusting edges
04/27/22 10:50:30 Dag contains 8 total jobs
04/27/22 10:50:30 Lock file dag_generate.dag.lock detected, 
04/27/22 10:50:30 Duplicate DAGMan PID 4009487 is no longer alive; this DAGMan should continue.
04/27/22 10:50:30 Using default node job log file
04/27/22 10:50:30 Bootstrapping...
04/27/22 10:50:30 Number of pre-completed nodes: 0
04/27/22 10:50:30 Running in RECOVERY mode... >>>>>>>>>>>>>>>>>>>>>>>>>>>>>>
04/27/22 10:50:30 Currently monitoring 1 HTCondor log file(s)
04/27/22 10:50:30     ------------------------------
04/27/22 10:50:30        HTCondor Recovery Complete
04/27/22 10:50:30     ------------------------------
04/27/22 10:50:30 ...done with RECOVERY mode <<<<<<<<<<<<<<<<<<<<<<<<<<<<<<
04/27/22 10:50:30 DAG status: 0 (DAG_STATUS_OK)
04/27/22 10:50:30 Of 8 nodes total:
04/27/22 10:50:30  Done     Pre   Queued    Post   Ready   Un-Ready   Failed
04/27/22 10:50:30   ===     ===      ===     ===     ===        ===      ===
04/27/22 10:50:30     0       0        0       0       0          8        0
04/27/22 10:50:30 0 job proc(s) currently held
04/27/22 10:50:30 DAGMan Runtime Statistics: [ EventCycleTimeCount = 0.0; EventCycleTimeSum = 0.0; LogProcessCycleTimeCount = 0.0; LogProcessCycleTimeSum = 0.0; SleepCycleTimeCount = 0.0; SleepCycleTimeSum = 0.0; SubmitCycleTimeCount = 0.0; SubmitCycleTimeSum = 0.0; ]
04/27/22 10:50:30 DAG status: 0 (DAG_STATUS_OK)
04/27/22 10:50:30 Of 8 nodes total:
04/27/22 10:50:30  Done     Pre   Queued    Post   Ready   Un-Ready   Failed
04/27/22 10:50:30   ===     ===      ===     ===     ===        ===      ===
04/27/22 10:50:30     0       0        0       0       2          6        0
04/27/22 10:50:30 0 job proc(s) currently held
04/27/22 10:50:30 DAGMan Runtime Statistics: [ EventCycleTimeCount = 0.0; EventCycleTimeSum = 0.0; LogProcessCycleTimeCount = 0.0; LogProcessCycleTimeSum = 0.0; SleepCycleTimeCount = 0.0; SleepCycleTimeSum = 0.0; SubmitCycleTimeCount = 0.0; SubmitCycleTimeSum = 0.0; ]
04/27/22 10:50:30 Registering condor_event_timer...
04/27/22 10:50:31 Submitting HTCondor Node gen_J1 job(s)...
04/27/22 10:50:31 Adding a DAGMan workflow log /storage_mnt/storage/user/sdansana/HToSS-Search/MC_production/CMSSW_12_0_2_patch1/src/generation_scripts/sample_scripts/./dag_generate.dag.nodes.log
04/27/22 10:50:31 Masking the events recorded in the DAGMAN workflow log
04/27/22 10:50:31 Mask for workflow log is 0,1,2,4,5,7,9,10,11,12,13,16,17,24,27,35,36
04/27/22 10:50:31 submitting: /usr/bin/condor_submit -a dag_node_name' '=' 'gen_J1 -a +DAGManJobId' '=' '4581888 -a DAGManJobId' '=' '4581888 -batch-name dag_generate.dag+4581888 -a submit_event_notes' '=' 'DAG' 'Node:' 'gen_J1 -a dagman_log' '=' '/storage_mnt/storage/user/sdansana/HToSS-Search/MC_production/CMSSW_12_0_2_patch1/src/generation_scripts/sample_scripts/./dag_generate.dag.nodes.log -a +DAGManNodesMask' '=' '"0,1,2,4,5,7,9,10,11,12,13,16,17,24,27,35,36" -a JOB=gen_J1 -a runnumber' '=' '1 -a DAG_STATUS' '=' '0 -a FAILED_COUNT' '=' '0 -a +KeepClaimIdle' '=' '20 -a notification' '=' 'never -a +DAGParentNodeNames' '=' '"" /user/sdansana/HToSS-Search/MC_production/CMSSW_12_0_2_patch1/src/generation_scripts/sample_scripts/condor_gen-sim.condor
04/27/22 10:50:31 From submit: Submitting job(s).
04/27/22 10:50:31 From submit: 1 job(s) submitted to cluster 4581889.
04/27/22 10:50:31 From submit: WARNING: the line 'JOB = gen_J1' was unused by condor_submit. Is it a typo?
04/27/22 10:50:31 	assigned HTCondor ID (4581889.0.0)
04/27/22 10:50:31 Submitting HTCondor Node gen_J2 job(s)...
04/27/22 10:50:31 Adding a DAGMan workflow log /storage_mnt/storage/user/sdansana/HToSS-Search/MC_production/CMSSW_12_0_2_patch1/src/generation_scripts/sample_scripts/./dag_generate.dag.nodes.log
04/27/22 10:50:31 Masking the events recorded in the DAGMAN workflow log
04/27/22 10:50:31 Mask for workflow log is 0,1,2,4,5,7,9,10,11,12,13,16,17,24,27,35,36
04/27/22 10:50:31 submitting: /usr/bin/condor_submit -a dag_node_name' '=' 'gen_J2 -a +DAGManJobId' '=' '4581888 -a DAGManJobId' '=' '4581888 -batch-name dag_generate.dag+4581888 -a submit_event_notes' '=' 'DAG' 'Node:' 'gen_J2 -a dagman_log' '=' '/storage_mnt/storage/user/sdansana/HToSS-Search/MC_production/CMSSW_12_0_2_patch1/src/generation_scripts/sample_scripts/./dag_generate.dag.nodes.log -a +DAGManNodesMask' '=' '"0,1,2,4,5,7,9,10,11,12,13,16,17,24,27,35,36" -a JOB=gen_J2 -a runnumber' '=' '2 -a DAG_STATUS' '=' '0 -a FAILED_COUNT' '=' '0 -a +KeepClaimIdle' '=' '20 -a notification' '=' 'never -a +DAGParentNodeNames' '=' '"" /user/sdansana/HToSS-Search/MC_production/CMSSW_12_0_2_patch1/src/generation_scripts/sample_scripts/condor_gen-sim.condor
04/27/22 10:50:31 From submit: Submitting job(s).
04/27/22 10:50:31 From submit: 1 job(s) submitted to cluster 4581890.
04/27/22 10:50:31 From submit: WARNING: the line 'JOB = gen_J2' was unused by condor_submit. Is it a typo?
04/27/22 10:50:31 	assigned HTCondor ID (4581890.0.0)
04/27/22 10:50:31 Just submitted 2 jobs this cycle...
04/27/22 10:50:31 DAG status: 0 (DAG_STATUS_OK)
04/27/22 10:50:31 Of 8 nodes total:
04/27/22 10:50:31  Done     Pre   Queued    Post   Ready   Un-Ready   Failed
04/27/22 10:50:31   ===     ===      ===     ===     ===        ===      ===
04/27/22 10:50:31     0       0        2       0       0          6        0
04/27/22 10:50:31 0 job proc(s) currently held
04/27/22 10:50:31 DAGMan Runtime Statistics: [ EventCycleTimeCount = 0.0; EventCycleTimeSum = 0.0; LogProcessCycleTimeCount = 0.0; LogProcessCycleTimeSum = 0.0; SleepCycleTimeCount = 0.0; SleepCycleTimeSum = 0.0; SubmitCycleTimeAvg = 0.1055519580841064; SubmitCycleTimeCount = 1.0; SubmitCycleTimeMax = 0.1055519580841064; SubmitCycleTimeMin = 0.1055519580841064; SubmitCycleTimeStd = 0.1055519580841064; SubmitCycleTimeSum = 0.1055519580841064; ]
04/27/22 10:50:31 Submitting HTCondor Node gen_J1 job(s)...
04/27/22 10:50:31 Adding a DAGMan workflow log /storage_mnt/storage/user/sdansana/HToSS-Search/MC_production/CMSSW_12_0_2_patch1/src/generation_scripts/sample_scripts/./dag_generate.dag.nodes.log
04/27/22 10:50:31 Masking the events recorded in the DAGMAN workflow log
04/27/22 10:50:31 Mask for workflow log is 0,1,2,4,5,7,9,10,11,12,13,16,17,24,27,35,36
04/27/22 10:50:31 submitting: /usr/bin/condor_submit -a dag_node_name' '=' 'gen_J1 -a +DAGManJobId' '=' '4580473 -a DAGManJobId' '=' '4580473 -batch-name dag_generate.dag+4580473 -a submit_event_notes' '=' 'DAG' 'Node:' 'gen_J1 -a dagman_log' '=' '/storage_mnt/storage/user/sdansana/HToSS-Search/MC_production/CMSSW_12_0_2_patch1/src/generation_scripts/sample_scripts/./dag_generate.dag.nodes.log -a +DAGManNodesMask' '=' '"0,1,2,4,5,7,9,10,11,12,13,16,17,24,27,35,36" -a JOB=gen_J1 -a runnumber' '=' '1 -a DAG_STATUS' '=' '0 -a FAILED_COUNT' '=' '0 -a +KeepClaimIdle' '=' '20 -a notification' '=' 'never -a +DAGParentNodeNames' '=' '"" /user/sdansana/HToSS-Search/MC_production/CMSSW_12_0_2_patch1/src/generation_scripts/sample_scripts/condor_gen-sim.condor
04/27/22 10:50:31 From submit: Submitting job(s).
04/27/22 10:50:31 From submit: 1 job(s) submitted to cluster 4581891.
04/27/22 10:50:31 From submit: WARNING: the line 'JOB = gen_J1' was unused by condor_submit. Is it a typo?
04/27/22 10:50:31 	assigned HTCondor ID (4581891.0.0)
04/27/22 10:50:31 Submitting HTCondor Node gen_J2 job(s)...
04/27/22 10:50:31 Adding a DAGMan workflow log /storage_mnt/storage/user/sdansana/HToSS-Search/MC_production/CMSSW_12_0_2_patch1/src/generation_scripts/sample_scripts/./dag_generate.dag.nodes.log
04/27/22 10:50:31 Masking the events recorded in the DAGMAN workflow log
04/27/22 10:50:31 Mask for workflow log is 0,1,2,4,5,7,9,10,11,12,13,16,17,24,27,35,36
04/27/22 10:50:31 submitting: /usr/bin/condor_submit -a dag_node_name' '=' 'gen_J2 -a +DAGManJobId' '=' '4580473 -a DAGManJobId' '=' '4580473 -batch-name dag_generate.dag+4580473 -a submit_event_notes' '=' 'DAG' 'Node:' 'gen_J2 -a dagman_log' '=' '/storage_mnt/storage/user/sdansana/HToSS-Search/MC_production/CMSSW_12_0_2_patch1/src/generation_scripts/sample_scripts/./dag_generate.dag.nodes.log -a +DAGManNodesMask' '=' '"0,1,2,4,5,7,9,10,11,12,13,16,17,24,27,35,36" -a JOB=gen_J2 -a runnumber' '=' '2 -a DAG_STATUS' '=' '0 -a FAILED_COUNT' '=' '0 -a +KeepClaimIdle' '=' '20 -a notification' '=' 'never -a +DAGParentNodeNames' '=' '"" /user/sdansana/HToSS-Search/MC_production/CMSSW_12_0_2_patch1/src/generation_scripts/sample_scripts/condor_gen-sim.condor
04/27/22 10:50:31 From submit: Submitting job(s).
04/27/22 10:50:31 From submit: 1 job(s) submitted to cluster 4581892.
04/27/22 10:50:31 From submit: WARNING: the line 'JOB = gen_J2' was unused by condor_submit. Is it a typo?
04/27/22 10:50:31 	assigned HTCondor ID (4581892.0.0)
04/27/22 10:50:31 Just submitted 2 jobs this cycle...
04/27/22 10:50:31 Currently monitoring 1 HTCondor log file(s)
04/27/22 10:50:31 ERROR: node gen_J1: job ID in userlog submit event (4581889.0.0) doesn't match ID reported earlier by submit command (4581891.0.0)!  Aborting DAG; set DAGMAN_ABORT_ON_SCARY_SUBMIT to false if you are *sure* this shouldn't cause an abort.
04/27/22 10:50:31 Aborting DAG...
04/27/22 10:50:31 Writing Rescue DAG to dag_generate.dag.rescue001...
04/27/22 10:50:31 Removing submitted jobs...
04/27/22 10:50:31 Removing any/all submitted HTCondor jobs...
04/27/22 10:50:31 Running: /usr/bin/condor_rm -const DAGManJobId==4580473
04/27/22 10:50:31 Note: 0 total job deferrals because of -MaxJobs limit (0)
04/27/22 10:50:31 Note: 0 total job deferrals because of -MaxIdle limit (1000)
04/27/22 10:50:31 Note: 0 total job deferrals because of node category throttles
04/27/22 10:50:31 Note: 0 total PRE script deferrals because of -MaxPre limit (20) or DEFER
04/27/22 10:50:31 Note: 0 total POST script deferrals because of -MaxPost limit (20) or DEFER
04/27/22 10:50:31 DAG status: 1 (DAG_STATUS_ERROR)
04/27/22 10:50:31 Of 8 nodes total:
04/27/22 10:50:31  Done     Pre   Queued    Post   Ready   Un-Ready   Failed
04/27/22 10:50:31   ===     ===      ===     ===     ===        ===      ===
04/27/22 10:50:31     0       0        2       0       0          6        0
04/27/22 10:50:31 0 job proc(s) currently held
04/27/22 10:50:31 DAGMan Runtime Statistics: [ EventCycleTimeCount = 0.0; EventCycleTimeSum = 0.0; LogProcessCycleTimeCount = 0.0; LogProcessCycleTimeSum = 0.0; SleepCycleTimeCount = 0.0; SleepCycleTimeSum = 0.0; SubmitCycleTimeAvg = 0.0995020866394043; SubmitCycleTimeCount = 1.0; SubmitCycleTimeMax = 0.0995020866394043; SubmitCycleTimeMin = 0.0995020866394043; SubmitCycleTimeStd = 0.0995020866394043; SubmitCycleTimeSum = 0.0995020866394043; ]
04/27/22 10:50:31 Wrote metrics file dag_generate.dag.metrics.
04/27/22 10:50:31 DAGMan Runtime Statistics: [ EventCycleTimeCount = 0.0; EventCycleTimeSum = 0.0; LogProcessCycleTimeCount = 0.0; LogProcessCycleTimeSum = 0.0; SleepCycleTimeCount = 0.0; SleepCycleTimeSum = 0.0; SubmitCycleTimeAvg = 0.0995020866394043; SubmitCycleTimeCount = 1.0; SubmitCycleTimeMax = 0.0995020866394043; SubmitCycleTimeMin = 0.0995020866394043; SubmitCycleTimeStd = 0.0995020866394043; SubmitCycleTimeSum = 0.0995020866394043; ]
04/27/22 10:50:31 **** condor_scheduniv_exec.4580473.0 (condor_DAGMAN) pid 4009486 EXITING WITH STATUS 1
04/27/22 10:50:36 Currently monitoring 1 HTCondor log file(s)
04/27/22 10:50:36 Reassigning the id of job gen_J1 from (4581889.0.0) to (4581889.0.0)
04/27/22 10:50:36 Event: ULOG_SUBMIT for HTCondor Node gen_J1 (4581889.0.0) {04/27/22 10:50:31}
04/27/22 10:50:36 Number of idle job procs: 1
04/27/22 10:50:36 Reassigning the id of job gen_J2 from (4581890.0.0) to (4581890.0.0)
04/27/22 10:50:36 Event: ULOG_SUBMIT for HTCondor Node gen_J2 (4581890.0.0) {04/27/22 10:50:31}
04/27/22 10:50:36 Number of idle job procs: 2
04/27/22 10:50:36 ERROR: node gen_J1: job ID in userlog submit event (4581891.0.0) doesn't match ID reported earlier by submit command (4581889.0.0)!  Aborting DAG; set DAGMAN_ABORT_ON_SCARY_SUBMIT to false if you are *sure* this shouldn't cause an abort.
04/27/22 10:50:36 Aborting DAG...
04/27/22 10:50:36 Writing Rescue DAG to dag_generate.dag.rescue002...
04/27/22 10:50:36 Removing submitted jobs...
04/27/22 10:50:36 Removing any/all submitted HTCondor jobs...
04/27/22 10:50:36 Running: /usr/bin/condor_rm -const DAGManJobId==4581888
04/27/22 10:50:36 Note: 0 total job deferrals because of -MaxJobs limit (0)
04/27/22 10:50:36 Note: 0 total job deferrals because of -MaxIdle limit (1000)
04/27/22 10:50:36 Note: 0 total job deferrals because of node category throttles
04/27/22 10:50:36 Note: 0 total PRE script deferrals because of -MaxPre limit (20) or DEFER
04/27/22 10:50:36 Note: 0 total POST script deferrals because of -MaxPost limit (20) or DEFER
04/27/22 10:50:36 DAG status: 1 (DAG_STATUS_ERROR)
04/27/22 10:50:36 Of 8 nodes total:
04/27/22 10:50:36  Done     Pre   Queued    Post   Ready   Un-Ready   Failed
04/27/22 10:50:36   ===     ===      ===     ===     ===        ===      ===
04/27/22 10:50:36     0       0        2       0       0          6        0
04/27/22 10:50:36 0 job proc(s) currently held
04/27/22 10:50:36 DAGMan Runtime Statistics: [ EventCycleTimeAvg = 0.1057829856872559; EventCycleTimeCount = 1.0; EventCycleTimeMax = 0.1057829856872559; EventCycleTimeMin = 0.1057829856872559; EventCycleTimeStd = 0.1057829856872559; EventCycleTimeSum = 0.1057829856872559; LogProcessCycleTimeCount = 0.0; LogProcessCycleTimeSum = 0.0; SleepCycleTimeAvg = 5.004193067550659; SleepCycleTimeCount = 1.0; SleepCycleTimeMax = 5.004193067550659; SleepCycleTimeMin = 5.004193067550659; SleepCycleTimeStd = 5.004193067550659; SleepCycleTimeSum = 5.004193067550659; SubmitCycleTimeAvg = 0.05278348922729492; SubmitCycleTimeCount = 2.0; SubmitCycleTimeMax = 0.1055519580841064; SubmitCycleTimeMin = 1.502037048339844E-05; SubmitCycleTimeStd = 0.07462588432296514; SubmitCycleTimeSum = 0.1055669784545898; ]
04/27/22 10:50:36 Wrote metrics file dag_generate.dag.metrics.
04/27/22 10:50:36 DAGMan Runtime Statistics: [ EventCycleTimeAvg = 0.1057829856872559; EventCycleTimeCount = 1.0; EventCycleTimeMax = 0.1057829856872559; EventCycleTimeMin = 0.1057829856872559; EventCycleTimeStd = 0.1057829856872559; EventCycleTimeSum = 0.1057829856872559; LogProcessCycleTimeCount = 0.0; LogProcessCycleTimeSum = 0.0; SleepCycleTimeAvg = 5.004193067550659; SleepCycleTimeCount = 1.0; SleepCycleTimeMax = 5.004193067550659; SleepCycleTimeMin = 5.004193067550659; SleepCycleTimeStd = 5.004193067550659; SleepCycleTimeSum = 5.004193067550659; SubmitCycleTimeAvg = 0.05278348922729492; SubmitCycleTimeCount = 2.0; SubmitCycleTimeMax = 0.1055519580841064; SubmitCycleTimeMin = 1.502037048339844E-05; SubmitCycleTimeStd = 0.07462588432296514; SubmitCycleTimeSum = 0.1055669784545898; ]
04/27/22 10:50:36 **** condor_scheduniv_exec.4581888.0 (condor_DAGMAN) pid 4009487 EXITING WITH STATUS 1
04/27/22 12:31:23 ******************************************************
04/27/22 12:31:23 ** condor_scheduniv_exec.4582569.0 (CONDOR_DAGMAN) STARTING UP
04/27/22 12:31:23 ** /usr/bin/condor_dagman
04/27/22 12:31:23 ** SubsystemInfo: name=DAGMAN type=DAGMAN(10) class=DAEMON(1)
04/27/22 12:31:23 ** Configuration: subsystem:DAGMAN local:<NONE> class:DAEMON
04/27/22 12:31:23 ** $CondorVersion: 8.9.8 Aug 05 2020 BuildID: 513887 PackageID: 8.9.8-1 $
04/27/22 12:31:23 ** $CondorPlatform: x86_64_CentOS7 $
04/27/22 12:31:23 ** PID = 4024462
04/27/22 12:31:23 ** Log last touched 4/27 10:50:36
04/27/22 12:31:23 ******************************************************
04/27/22 12:31:23 Using config source: /etc/condor/condor_config
04/27/22 12:31:23 Using local config sources: 
04/27/22 12:31:23    /etc/condor/config.d/00_config_local.config
04/27/22 12:31:23    /etc/condor/config.d/10_security.config
04/27/22 12:31:23    /etc/condor/config.d/12_resourcelimits.config
04/27/22 12:31:23    /etc/condor/config.d/21_schedd.config
04/27/22 12:31:23    /etc/condor/config.d/23_ganglia.config
04/27/22 12:31:23    /etc/condor/config.d/50_schedd_log_rotation.conf
04/27/22 12:31:23    /etc/condor/config.d/70_schedd_custom.conf
04/27/22 12:31:23    /etc/condor/config.d/98_iihe_extras.conf
04/27/22 12:31:23    /etc/condor/config.d/99-site-sec-fix-auth.conf
04/27/22 12:31:23    /etc/condor/condor_config.local
04/27/22 12:31:23 config Macros = 148, Sorted = 148, StringBytes = 5991, TablesBytes = 5440
04/27/22 12:31:23 CLASSAD_CACHING is ENABLED
04/27/22 12:31:23 Daemon Log is logging: D_ALWAYS D_ERROR
04/27/22 12:31:23 DaemonCore: No command port requested.
04/27/22 12:31:23 DAGMAN_USE_STRICT setting: 1
04/27/22 12:31:23 DAGMAN_VERBOSITY setting: 3
04/27/22 12:31:23 DAGMAN_DEBUG_CACHE_SIZE setting: 5242880
04/27/22 12:31:23 DAGMAN_DEBUG_CACHE_ENABLE setting: False
04/27/22 12:31:23 DAGMAN_SUBMIT_DELAY setting: 0
04/27/22 12:31:23 DAGMAN_MAX_SUBMIT_ATTEMPTS setting: 6
04/27/22 12:31:23 DAGMAN_STARTUP_CYCLE_DETECT setting: False
04/27/22 12:31:23 DAGMAN_MAX_SUBMITS_PER_INTERVAL setting: 100
04/27/22 12:31:23 DAGMAN_AGGRESSIVE_SUBMIT setting: False
04/27/22 12:31:23 DAGMAN_USER_LOG_SCAN_INTERVAL setting: 5
04/27/22 12:31:23 DAGMAN_QUEUE_UPDATE_INTERVAL setting: 300
04/27/22 12:31:23 DAGMAN_DEFAULT_PRIORITY setting: 0
04/27/22 12:31:23 DAGMAN_SUPPRESS_NOTIFICATION setting: True
04/27/22 12:31:23 allow_events (DAGMAN_ALLOW_EVENTS) setting: 114
04/27/22 12:31:23 DAGMAN_RETRY_SUBMIT_FIRST setting: True
04/27/22 12:31:23 DAGMAN_RETRY_NODE_FIRST setting: False
04/27/22 12:31:23 DAGMAN_MAX_JOBS_IDLE setting: 1000
04/27/22 12:31:23 DAGMAN_MAX_JOBS_SUBMITTED setting: 0
04/27/22 12:31:23 DAGMAN_MAX_PRE_SCRIPTS setting: 20
04/27/22 12:31:23 DAGMAN_MAX_POST_SCRIPTS setting: 20
04/27/22 12:31:23 DAGMAN_MUNGE_NODE_NAMES setting: True
04/27/22 12:31:23 DAGMAN_PROHIBIT_MULTI_JOBS setting: False
04/27/22 12:31:23 DAGMAN_SUBMIT_DEPTH_FIRST setting: False
04/27/22 12:31:23 DAGMAN_ALWAYS_RUN_POST setting: False
04/27/22 12:31:23 DAGMAN_CONDOR_SUBMIT_EXE setting: /usr/bin/condor_submit
04/27/22 12:31:23 DAGMAN_USE_CONDOR_SUBMIT setting: True
04/27/22 12:31:23 DAGMAN_ABORT_DUPLICATES setting: True
04/27/22 12:31:23 DAGMAN_ABORT_ON_SCARY_SUBMIT setting: True
04/27/22 12:31:23 DAGMAN_PENDING_REPORT_INTERVAL setting: 600
04/27/22 12:31:23 DAGMAN_AUTO_RESCUE setting: True
04/27/22 12:31:23 DAGMAN_MAX_RESCUE_NUM setting: 100
04/27/22 12:31:23 DAGMAN_WRITE_PARTIAL_RESCUE setting: True
04/27/22 12:31:23 DAGMAN_DEFAULT_NODE_LOG setting: @(DAG_DIR)/@(DAG_FILE).nodes.log
04/27/22 12:31:23 DAGMAN_GENERATE_SUBDAG_SUBMITS setting: True
04/27/22 12:31:23 DAGMAN_MAX_JOB_HOLDS setting: 100
04/27/22 12:31:23 DAGMAN_HOLD_CLAIM_TIME setting: 20
04/27/22 12:31:23 ALL_DEBUG setting: 
04/27/22 12:31:23 DAGMAN_DEBUG setting: 
04/27/22 12:31:23 DAGMAN_SUPPRESS_JOB_LOGS setting: False
04/27/22 12:31:23 DAGMAN_REMOVE_NODE_JOBS setting: True
04/27/22 12:31:23 DAGMAN will adjust edges after parsing
04/27/22 12:31:23 argv[0] == "condor_scheduniv_exec.4582569.0"
04/27/22 12:31:23 argv[1] == "-Lockfile"
04/27/22 12:31:23 argv[2] == "dag_generate.dag.lock"
04/27/22 12:31:23 argv[3] == "-AutoRescue"
04/27/22 12:31:23 argv[4] == "1"
04/27/22 12:31:23 argv[5] == "-DoRescueFrom"
04/27/22 12:31:23 argv[6] == "0"
04/27/22 12:31:23 argv[7] == "-Dag"
04/27/22 12:31:23 argv[8] == "dag_generate.dag"
04/27/22 12:31:23 argv[9] == "-Suppress_notification"
04/27/22 12:31:23 argv[10] == "-CsdVersion"
04/27/22 12:31:23 argv[11] == "$CondorVersion: 8.9.8 Aug 05 2020 BuildID: 513887 PackageID: 8.9.8-1 $"
04/27/22 12:31:23 argv[12] == "-Dagman"
04/27/22 12:31:23 argv[13] == "/usr/bin/condor_dagman"
04/27/22 12:31:24 Workflow batch-name: <dag_generate.dag+4582569>
04/27/22 12:31:24 Workflow accounting_group: <>
04/27/22 12:31:24 Workflow accounting_group_user: <>
04/27/22 12:31:24 Warning: failed to get attribute DAGNodeName
04/27/22 12:31:24 DAGMAN_LOG_ON_NFS_IS_ERROR setting: False
04/27/22 12:31:24 Default node log file is: </storage_mnt/storage/user/sdansana/HToSS-Search/MC_production/CMSSW_12_0_2_patch1/src/generation_scripts/sample_scripts/./dag_generate.dag.nodes.log>
04/27/22 12:31:24 DAG Lockfile will be written to dag_generate.dag.lock
04/27/22 12:31:24 DAG Input file is dag_generate.dag
04/27/22 12:31:24 Parsing 1 dagfiles
04/27/22 12:31:24 Parsing dag_generate.dag ...
04/27/22 12:31:24 Adjusting edges
04/27/22 12:31:24 Found rescue DAG number 2; running dag_generate.dag.rescue002 in combination with normal DAG file
04/27/22 12:31:24 ~~~~~~~~~~~~~~~~~~~~~~~~~~~~~~~~~~~~~~~~~~~~~~~~~~~~~~
04/27/22 12:31:24 USING RESCUE DAG dag_generate.dag.rescue002
04/27/22 12:31:24 Dag contains 8 total jobs
04/27/22 12:31:24 Bootstrapping...
04/27/22 12:31:24 Number of pre-completed nodes: 0
04/27/22 12:31:24 MultiLogFiles: truncating log file /storage_mnt/storage/user/sdansana/HToSS-Search/MC_production/CMSSW_12_0_2_patch1/src/generation_scripts/sample_scripts/./dag_generate.dag.nodes.log
04/27/22 12:31:24 DAG status: 0 (DAG_STATUS_OK)
04/27/22 12:31:24 Of 8 nodes total:
04/27/22 12:31:24  Done     Pre   Queued    Post   Ready   Un-Ready   Failed
04/27/22 12:31:24   ===     ===      ===     ===     ===        ===      ===
04/27/22 12:31:24     0       0        0       0       2          6        0
04/27/22 12:31:24 0 job proc(s) currently held
04/27/22 12:31:24 DAGMan Runtime Statistics: [ EventCycleTimeCount = 0.0; EventCycleTimeSum = 0.0; LogProcessCycleTimeCount = 0.0; LogProcessCycleTimeSum = 0.0; SleepCycleTimeCount = 0.0; SleepCycleTimeSum = 0.0; SubmitCycleTimeCount = 0.0; SubmitCycleTimeSum = 0.0; ]
04/27/22 12:31:24 Registering condor_event_timer...
04/27/22 12:31:25 Submitting HTCondor Node gen_J1 job(s)...
04/27/22 12:31:25 Adding a DAGMan workflow log /storage_mnt/storage/user/sdansana/HToSS-Search/MC_production/CMSSW_12_0_2_patch1/src/generation_scripts/sample_scripts/./dag_generate.dag.nodes.log
04/27/22 12:31:25 Masking the events recorded in the DAGMAN workflow log
04/27/22 12:31:25 Mask for workflow log is 0,1,2,4,5,7,9,10,11,12,13,16,17,24,27,35,36
04/27/22 12:31:25 submitting: /usr/bin/condor_submit -a dag_node_name' '=' 'gen_J1 -a +DAGManJobId' '=' '4582569 -a DAGManJobId' '=' '4582569 -batch-name dag_generate.dag+4582569 -a submit_event_notes' '=' 'DAG' 'Node:' 'gen_J1 -a dagman_log' '=' '/storage_mnt/storage/user/sdansana/HToSS-Search/MC_production/CMSSW_12_0_2_patch1/src/generation_scripts/sample_scripts/./dag_generate.dag.nodes.log -a +DAGManNodesMask' '=' '"0,1,2,4,5,7,9,10,11,12,13,16,17,24,27,35,36" -a JOB=gen_J1 -a runnumber' '=' '1 -a DAG_STATUS' '=' '0 -a FAILED_COUNT' '=' '0 -a +KeepClaimIdle' '=' '20 -a notification' '=' 'never -a +DAGParentNodeNames' '=' '"" /user/sdansana/HToSS-Search/MC_production/CMSSW_12_0_2_patch1/src/generation_scripts/sample_scripts/condor_gen-sim.condor
04/27/22 12:31:25 From submit: Submitting job(s).
04/27/22 12:31:25 From submit: 1 job(s) submitted to cluster 4582570.
04/27/22 12:31:25 From submit: WARNING: the line 'JOB = gen_J1' was unused by condor_submit. Is it a typo?
04/27/22 12:31:25 	assigned HTCondor ID (4582570.0.0)
04/27/22 12:31:25 Submitting HTCondor Node gen_J2 job(s)...
04/27/22 12:31:25 Adding a DAGMan workflow log /storage_mnt/storage/user/sdansana/HToSS-Search/MC_production/CMSSW_12_0_2_patch1/src/generation_scripts/sample_scripts/./dag_generate.dag.nodes.log
04/27/22 12:31:25 Masking the events recorded in the DAGMAN workflow log
04/27/22 12:31:25 Mask for workflow log is 0,1,2,4,5,7,9,10,11,12,13,16,17,24,27,35,36
04/27/22 12:31:25 submitting: /usr/bin/condor_submit -a dag_node_name' '=' 'gen_J2 -a +DAGManJobId' '=' '4582569 -a DAGManJobId' '=' '4582569 -batch-name dag_generate.dag+4582569 -a submit_event_notes' '=' 'DAG' 'Node:' 'gen_J2 -a dagman_log' '=' '/storage_mnt/storage/user/sdansana/HToSS-Search/MC_production/CMSSW_12_0_2_patch1/src/generation_scripts/sample_scripts/./dag_generate.dag.nodes.log -a +DAGManNodesMask' '=' '"0,1,2,4,5,7,9,10,11,12,13,16,17,24,27,35,36" -a JOB=gen_J2 -a runnumber' '=' '2 -a DAG_STATUS' '=' '0 -a FAILED_COUNT' '=' '0 -a +KeepClaimIdle' '=' '20 -a notification' '=' 'never -a +DAGParentNodeNames' '=' '"" /user/sdansana/HToSS-Search/MC_production/CMSSW_12_0_2_patch1/src/generation_scripts/sample_scripts/condor_gen-sim.condor
04/27/22 12:31:25 From submit: Submitting job(s).
04/27/22 12:31:25 From submit: 1 job(s) submitted to cluster 4582571.
04/27/22 12:31:25 From submit: WARNING: the line 'JOB = gen_J2' was unused by condor_submit. Is it a typo?
04/27/22 12:31:25 	assigned HTCondor ID (4582571.0.0)
04/27/22 12:31:25 Just submitted 2 jobs this cycle...
04/27/22 12:31:25 DAG status: 0 (DAG_STATUS_OK)
04/27/22 12:31:25 Of 8 nodes total:
04/27/22 12:31:25  Done     Pre   Queued    Post   Ready   Un-Ready   Failed
04/27/22 12:31:25   ===     ===      ===     ===     ===        ===      ===
04/27/22 12:31:25     0       0        2       0       0          6        0
04/27/22 12:31:25 0 job proc(s) currently held
04/27/22 12:31:25 DAGMan Runtime Statistics: [ EventCycleTimeCount = 0.0; EventCycleTimeSum = 0.0; LogProcessCycleTimeCount = 0.0; LogProcessCycleTimeSum = 0.0; SleepCycleTimeCount = 0.0; SleepCycleTimeSum = 0.0; SubmitCycleTimeAvg = 0.1178078651428223; SubmitCycleTimeCount = 1.0; SubmitCycleTimeMax = 0.1178078651428223; SubmitCycleTimeMin = 0.1178078651428223; SubmitCycleTimeStd = 0.1178078651428223; SubmitCycleTimeSum = 0.1178078651428223; ]
04/27/22 12:31:30 Currently monitoring 1 HTCondor log file(s)
04/27/22 12:31:30 Reassigning the id of job gen_J1 from (4582570.0.0) to (4582570.0.0)
04/27/22 12:31:30 Event: ULOG_SUBMIT for HTCondor Node gen_J1 (4582570.0.0) {04/27/22 12:31:25}
04/27/22 12:31:30 Number of idle job procs: 1
04/27/22 12:31:30 Reassigning the id of job gen_J2 from (4582571.0.0) to (4582571.0.0)
04/27/22 12:31:30 Event: ULOG_SUBMIT for HTCondor Node gen_J2 (4582571.0.0) {04/27/22 12:31:25}
04/27/22 12:31:30 Number of idle job procs: 2
04/27/22 12:31:50 Currently monitoring 1 HTCondor log file(s)
04/27/22 12:31:50 Event: ULOG_EXECUTE for HTCondor Node gen_J1 (4582570.0.0) {04/27/22 12:31:46}
04/27/22 12:31:50 Number of idle job procs: 1
04/27/22 12:31:50 Event: ULOG_EXECUTE for HTCondor Node gen_J2 (4582571.0.0) {04/27/22 12:31:46}
04/27/22 12:31:50 Number of idle job procs: 0
04/27/22 12:35:11 Currently monitoring 1 HTCondor log file(s)
04/27/22 12:35:11 Event: ULOG_JOB_TERMINATED for HTCondor Node gen_J1 (4582570.0.0) {04/27/22 12:35:09}
04/27/22 12:35:11 Number of idle job procs: 0
04/27/22 12:35:11 Warning for node gen_J1: unexpected _gotEvents value for proc 0: 0!
04/27/22 12:35:11 Node gen_J1 job proc (4582570.0.0) completed successfully.
04/27/22 12:35:11 Node gen_J1 job completed
04/27/22 12:35:11 DAG status: 0 (DAG_STATUS_OK)
04/27/22 12:35:11 Of 8 nodes total:
04/27/22 12:35:11  Done     Pre   Queued    Post   Ready   Un-Ready   Failed
04/27/22 12:35:11   ===     ===      ===     ===     ===        ===      ===
04/27/22 12:35:11     1       0        1       0       1          5        0
04/27/22 12:35:11 0 job proc(s) currently held
04/27/22 12:35:11 DAGMan Runtime Statistics: [ EventCycleTimeAvg = 0.003270234002007379; EventCycleTimeCount = 45.0; EventCycleTimeMax = 0.1180891990661621; EventCycleTimeMin = 2.694129943847656E-05; EventCycleTimeStd = 0.01761459674815475; EventCycleTimeSum = 0.147160530090332; LogProcessCycleTimeAvg = 0.003907283147176106; LogProcessCycleTimeCount = 3.0; LogProcessCycleTimeMax = 0.01030087471008301; LogProcessCycleTimeMin = 0.0006949901580810547; LogProcessCycleTimeStd = 0.005537034401952043; LogProcessCycleTimeSum = 0.01172184944152832; SleepCycleTimeAvg = 5.005507188373142; SleepCycleTimeCount = 45.0; SleepCycleTimeMax = 5.011579990386963; SleepCycleTimeMin = 5.00431489944458; SleepCycleTimeStd = 0.001482429695083759; SleepCycleTimeSum = 225.2478234767914; SubmitCycleTimeAvg = 0.00308984258900518; SubmitCycleTimeCount = 46.0; SubmitCycleTimeMax = 0.1178078651428223; SubmitCycleTimeMin = 1.096725463867188E-05; SubmitCycleTimeStd = 0.01753706627113018; SubmitCycleTimeSum = 0.1421327590942383; ]
04/27/22 12:35:16 Submitting HTCondor Node digi_J1 job(s)...
04/27/22 12:35:16 Adding a DAGMan workflow log /storage_mnt/storage/user/sdansana/HToSS-Search/MC_production/CMSSW_12_0_2_patch1/src/generation_scripts/sample_scripts/./dag_generate.dag.nodes.log
04/27/22 12:35:16 Masking the events recorded in the DAGMAN workflow log
04/27/22 12:35:16 Mask for workflow log is 0,1,2,4,5,7,9,10,11,12,13,16,17,24,27,35,36
04/27/22 12:35:16 submitting: /usr/bin/condor_submit -a dag_node_name' '=' 'digi_J1 -a +DAGManJobId' '=' '4582569 -a DAGManJobId' '=' '4582569 -batch-name dag_generate.dag+4582569 -a submit_event_notes' '=' 'DAG' 'Node:' 'digi_J1 -a dagman_log' '=' '/storage_mnt/storage/user/sdansana/HToSS-Search/MC_production/CMSSW_12_0_2_patch1/src/generation_scripts/sample_scripts/./dag_generate.dag.nodes.log -a +DAGManNodesMask' '=' '"0,1,2,4,5,7,9,10,11,12,13,16,17,24,27,35,36" -a JOB=digi_J1 -a runnumber' '=' '1 -a DAG_STATUS' '=' '0 -a FAILED_COUNT' '=' '0 -a +KeepClaimIdle' '=' '20 -a notification' '=' 'never -a +DAGParentNodeNames' '=' '"gen_J1" /user/sdansana/HToSS-Search/MC_production/CMSSW_12_0_2_patch1/src/generation_scripts/sample_scripts/condor_digi-raw.condor
04/27/22 12:35:16 From submit: Submitting job(s).
04/27/22 12:35:16 From submit: 1 job(s) submitted to cluster 4582573.
04/27/22 12:35:16 From submit: WARNING: the line 'JOB = digi_J1' was unused by condor_submit. Is it a typo?
04/27/22 12:35:16 	assigned HTCondor ID (4582573.0.0)
04/27/22 12:35:16 Just submitted 1 job this cycle...
04/27/22 12:35:16 DAG status: 0 (DAG_STATUS_OK)
04/27/22 12:35:16 Of 8 nodes total:
04/27/22 12:35:16  Done     Pre   Queued    Post   Ready   Un-Ready   Failed
04/27/22 12:35:16   ===     ===      ===     ===     ===        ===      ===
04/27/22 12:35:16     1       0        2       0       0          5        0
04/27/22 12:35:16 0 job proc(s) currently held
04/27/22 12:35:16 DAGMan Runtime Statistics: [ EventCycleTimeAvg = 0.00386270751123843; EventCycleTimeCount = 46.0; EventCycleTimeMax = 0.1180891990661621; EventCycleTimeMin = 2.694129943847656E-05; EventCycleTimeStd = 0.01787529535223002; EventCycleTimeSum = 0.1776845455169678; LogProcessCycleTimeAvg = 0.003907283147176106; LogProcessCycleTimeCount = 3.0; LogProcessCycleTimeMax = 0.01030087471008301; LogProcessCycleTimeMin = 0.0006949901580810547; LogProcessCycleTimeStd = 0.005537034401952043; LogProcessCycleTimeSum = 0.01172184944152832; SleepCycleTimeAvg = 5.005505706952966; SleepCycleTimeCount = 46.0; SleepCycleTimeMax = 5.011579990386963; SleepCycleTimeMin = 5.00431489944458; SleepCycleTimeStd = 0.001465900147704257; SleepCycleTimeSum = 230.2532625198364; SubmitCycleTimeAvg = 0.004586564733626995; SubmitCycleTimeCount = 47.0; SubmitCycleTimeMax = 0.1178078651428223; SubmitCycleTimeMin = 1.096725463867188E-05; SubmitCycleTimeStd = 0.02015319278954696; SubmitCycleTimeSum = 0.2155685424804688; ]
04/27/22 12:35:21 Currently monitoring 1 HTCondor log file(s)
04/27/22 12:35:21 Reassigning the id of job digi_J1 from (4582573.0.0) to (4582573.0.0)
04/27/22 12:35:21 Event: ULOG_SUBMIT for HTCondor Node digi_J1 (4582573.0.0) {04/27/22 12:35:16}
04/27/22 12:35:21 Number of idle job procs: 1
04/27/22 12:35:21 Event: ULOG_EXECUTE for HTCondor Node digi_J1 (4582573.0.0) {04/27/22 12:35:17}
04/27/22 12:35:21 Number of idle job procs: 0
04/27/22 12:37:01 Currently monitoring 1 HTCondor log file(s)
04/27/22 12:37:01 Event: ULOG_JOB_TERMINATED for HTCondor Node gen_J2 (4582571.0.0) {04/27/22 12:36:58}
04/27/22 12:37:01 Number of idle job procs: 0
04/27/22 12:37:01 Warning for node gen_J2: unexpected _gotEvents value for proc 0: 0!
04/27/22 12:37:01 Node gen_J2 job proc (4582571.0.0) completed successfully.
04/27/22 12:37:01 Node gen_J2 job completed
04/27/22 12:37:01 DAG status: 0 (DAG_STATUS_OK)
04/27/22 12:37:01 Of 8 nodes total:
04/27/22 12:37:01  Done     Pre   Queued    Post   Ready   Un-Ready   Failed
04/27/22 12:37:01   ===     ===      ===     ===     ===        ===      ===
04/27/22 12:37:01     2       0        1       0       1          4        0
04/27/22 12:37:01 0 job proc(s) currently held
04/27/22 12:37:01 DAGMan Runtime Statistics: [ EventCycleTimeAvg = 0.003996631992397024; EventCycleTimeCount = 67.0; EventCycleTimeMax = 0.1180891990661621; EventCycleTimeMin = 2.694129943847656E-05; EventCycleTimeStd = 0.01727047601160954; EventCycleTimeSum = 0.2677743434906006; LogProcessCycleTimeAvg = 0.002616167068481445; LogProcessCycleTimeCount = 5.0; LogProcessCycleTimeMax = 0.01030087471008301; LogProcessCycleTimeMin = 0.0006339550018310547; LogProcessCycleTimeStd = 0.004296044774304233; LogProcessCycleTimeSum = 0.01308083534240723; SleepCycleTimeAvg = 5.005331875672981; SleepCycleTimeCount = 67.0; SleepCycleTimeMax = 5.011579990386963; SleepCycleTimeMin = 5.004208087921143; SleepCycleTimeStd = 0.001307640193134362; SleepCycleTimeSum = 335.3572356700897; SubmitCycleTimeAvg = 0.003223159733940573; SubmitCycleTimeCount = 68.0; SubmitCycleTimeMax = 0.1178078651428223; SubmitCycleTimeMin = 1.096725463867188E-05; SubmitCycleTimeStd = 0.01682543841666458; SubmitCycleTimeSum = 0.219174861907959; ]
04/27/22 12:37:06 Submitting HTCondor Node digi_J2 job(s)...
04/27/22 12:37:06 Adding a DAGMan workflow log /storage_mnt/storage/user/sdansana/HToSS-Search/MC_production/CMSSW_12_0_2_patch1/src/generation_scripts/sample_scripts/./dag_generate.dag.nodes.log
04/27/22 12:37:06 Masking the events recorded in the DAGMAN workflow log
04/27/22 12:37:06 Mask for workflow log is 0,1,2,4,5,7,9,10,11,12,13,16,17,24,27,35,36
04/27/22 12:37:06 submitting: /usr/bin/condor_submit -a dag_node_name' '=' 'digi_J2 -a +DAGManJobId' '=' '4582569 -a DAGManJobId' '=' '4582569 -batch-name dag_generate.dag+4582569 -a submit_event_notes' '=' 'DAG' 'Node:' 'digi_J2 -a dagman_log' '=' '/storage_mnt/storage/user/sdansana/HToSS-Search/MC_production/CMSSW_12_0_2_patch1/src/generation_scripts/sample_scripts/./dag_generate.dag.nodes.log -a +DAGManNodesMask' '=' '"0,1,2,4,5,7,9,10,11,12,13,16,17,24,27,35,36" -a JOB=digi_J2 -a runnumber' '=' '2 -a DAG_STATUS' '=' '0 -a FAILED_COUNT' '=' '0 -a +KeepClaimIdle' '=' '20 -a notification' '=' 'never -a +DAGParentNodeNames' '=' '"gen_J2" /user/sdansana/HToSS-Search/MC_production/CMSSW_12_0_2_patch1/src/generation_scripts/sample_scripts/condor_digi-raw.condor
04/27/22 12:37:06 From submit: Submitting job(s).
04/27/22 12:37:06 From submit: 1 job(s) submitted to cluster 4582575.
04/27/22 12:37:06 From submit: WARNING: the line 'JOB = digi_J2' was unused by condor_submit. Is it a typo?
04/27/22 12:37:06 	assigned HTCondor ID (4582575.0.0)
04/27/22 12:37:06 Just submitted 1 job this cycle...
04/27/22 12:37:06 DAG status: 0 (DAG_STATUS_OK)
04/27/22 12:37:06 Of 8 nodes total:
04/27/22 12:37:06  Done     Pre   Queued    Post   Ready   Un-Ready   Failed
04/27/22 12:37:06   ===     ===      ===     ===     ===        ===      ===
04/27/22 12:37:06     2       0        2       0       0          4        0
04/27/22 12:37:06 0 job proc(s) currently held
04/27/22 12:37:06 DAGMan Runtime Statistics: [ EventCycleTimeAvg = 0.003965875681708841; EventCycleTimeCount = 68.0; EventCycleTimeMax = 0.1180891990661621; EventCycleTimeMin = 2.694129943847656E-05; EventCycleTimeStd = 0.01714298355283197; EventCycleTimeSum = 0.2696795463562012; LogProcessCycleTimeAvg = 0.002616167068481445; LogProcessCycleTimeCount = 5.0; LogProcessCycleTimeMax = 0.01030087471008301; LogProcessCycleTimeMin = 0.0006339550018310547; LogProcessCycleTimeStd = 0.004296044774304233; LogProcessCycleTimeSum = 0.01308083534240723; SleepCycleTimeAvg = 5.005357244435479; SleepCycleTimeCount = 68.0; SleepCycleTimeMax = 5.011579990386963; SleepCycleTimeMin = 5.004208087921143; SleepCycleTimeStd = 0.001314596772125134; SleepCycleTimeSum = 340.3642926216125; SubmitCycleTimeAvg = 0.00592450473619544; SubmitCycleTimeCount = 69.0; SubmitCycleTimeMax = 0.1896159648895264; SubmitCycleTimeMin = 1.096725463867188E-05; SubmitCycleTimeStd = 0.02797219124870323; SubmitCycleTimeSum = 0.4087908267974854; ]
04/27/22 12:37:11 Currently monitoring 1 HTCondor log file(s)
04/27/22 12:37:11 Reassigning the id of job digi_J2 from (4582575.0.0) to (4582575.0.0)
04/27/22 12:37:11 Event: ULOG_SUBMIT for HTCondor Node digi_J2 (4582575.0.0) {04/27/22 12:37:06}
04/27/22 12:37:11 Number of idle job procs: 1
04/27/22 12:37:31 Currently monitoring 1 HTCondor log file(s)
04/27/22 12:37:31 Event: ULOG_EXECUTE for HTCondor Node digi_J2 (4582575.0.0) {04/27/22 12:37:30}
04/27/22 12:37:31 Number of idle job procs: 0
04/27/22 12:37:36 Currently monitoring 1 HTCondor log file(s)
04/27/22 12:37:36 Event: ULOG_JOB_TERMINATED for HTCondor Node digi_J1 (4582573.0.0) {04/27/22 12:37:32}
04/27/22 12:37:36 Number of idle job procs: 0
04/27/22 12:37:36 Warning for node digi_J1: unexpected _gotEvents value for proc 0: 0!
04/27/22 12:37:36 Node digi_J1 job proc (4582573.0.0) completed successfully.
04/27/22 12:37:36 Node digi_J1 job completed
04/27/22 12:37:36 DAG status: 0 (DAG_STATUS_OK)
04/27/22 12:37:36 Of 8 nodes total:
04/27/22 12:37:36  Done     Pre   Queued    Post   Ready   Un-Ready   Failed
04/27/22 12:37:36   ===     ===      ===     ===     ===        ===      ===
04/27/22 12:37:36     3       0        1       0       1          3        0
04/27/22 12:37:36 0 job proc(s) currently held
04/27/22 12:37:36 DAGMan Runtime Statistics: [ EventCycleTimeAvg = 0.006273704606133538; EventCycleTimeCount = 74.0; EventCycleTimeMax = 0.1914658546447754; EventCycleTimeMin = 2.694129943847656E-05; EventCycleTimeStd = 0.02732602555738048; EventCycleTimeSum = 0.4642541408538818; LogProcessCycleTimeAvg = 0.001800477504730225; LogProcessCycleTimeCount = 8.0; LogProcessCycleTimeMax = 0.01030087471008301; LogProcessCycleTimeMin = 0.0002918243408203125; LogProcessCycleTimeStd = 0.003437794561628346; LogProcessCycleTimeSum = 0.0144038200378418; SleepCycleTimeAvg = 5.005374931000374; SleepCycleTimeCount = 74.0; SleepCycleTimeMax = 5.011579990386963; SleepCycleTimeMin = 5.004208087921143; SleepCycleTimeStd = 0.001322971623981065; SleepCycleTimeSum = 370.3977448940277; SubmitCycleTimeAvg = 0.00545957883199056; SubmitCycleTimeCount = 75.0; SubmitCycleTimeMax = 0.1896159648895264; SubmitCycleTimeMin = 1.096725463867188E-05; SubmitCycleTimeStd = 0.0268612237163609; SubmitCycleTimeSum = 0.409468412399292; ]
04/27/22 12:37:41 Submitting HTCondor Node aod_J1 job(s)...
04/27/22 12:37:41 Adding a DAGMan workflow log /storage_mnt/storage/user/sdansana/HToSS-Search/MC_production/CMSSW_12_0_2_patch1/src/generation_scripts/sample_scripts/./dag_generate.dag.nodes.log
04/27/22 12:37:41 Masking the events recorded in the DAGMAN workflow log
04/27/22 12:37:41 Mask for workflow log is 0,1,2,4,5,7,9,10,11,12,13,16,17,24,27,35,36
04/27/22 12:37:41 submitting: /usr/bin/condor_submit -a dag_node_name' '=' 'aod_J1 -a +DAGManJobId' '=' '4582569 -a DAGManJobId' '=' '4582569 -batch-name dag_generate.dag+4582569 -a submit_event_notes' '=' 'DAG' 'Node:' 'aod_J1 -a dagman_log' '=' '/storage_mnt/storage/user/sdansana/HToSS-Search/MC_production/CMSSW_12_0_2_patch1/src/generation_scripts/sample_scripts/./dag_generate.dag.nodes.log -a +DAGManNodesMask' '=' '"0,1,2,4,5,7,9,10,11,12,13,16,17,24,27,35,36" -a JOB=aod_J1 -a runnumber' '=' '1 -a DAG_STATUS' '=' '0 -a FAILED_COUNT' '=' '0 -a +KeepClaimIdle' '=' '20 -a notification' '=' 'never -a +DAGParentNodeNames' '=' '"digi_J1" /user/sdansana/HToSS-Search/MC_production/CMSSW_12_0_2_patch1/src/generation_scripts/sample_scripts/condor_aod.condor
04/27/22 12:37:41 From submit: Submitting job(s).
04/27/22 12:37:41 From submit: 1 job(s) submitted to cluster 4582576.
04/27/22 12:37:41 From submit: WARNING: the line 'JOB = aod_J1' was unused by condor_submit. Is it a typo?
04/27/22 12:37:41 	assigned HTCondor ID (4582576.0.0)
04/27/22 12:37:41 Just submitted 1 job this cycle...
04/27/22 12:37:41 DAG status: 0 (DAG_STATUS_OK)
04/27/22 12:37:41 Of 8 nodes total:
04/27/22 12:37:41  Done     Pre   Queued    Post   Ready   Un-Ready   Failed
04/27/22 12:37:41   ===     ===      ===     ===     ===        ===      ===
04/27/22 12:37:41     3       0        2       0       0          3        0
04/27/22 12:37:41 0 job proc(s) currently held
04/27/22 12:37:41 DAGMan Runtime Statistics: [ EventCycleTimeAvg = 0.006210056940714518; EventCycleTimeCount = 75.0; EventCycleTimeMax = 0.1914658546447754; EventCycleTimeMin = 2.694129943847656E-05; EventCycleTimeStd = 0.02714635889729104; EventCycleTimeSum = 0.4657542705535889; LogProcessCycleTimeAvg = 0.001800477504730225; LogProcessCycleTimeCount = 8.0; LogProcessCycleTimeMax = 0.01030087471008301; LogProcessCycleTimeMin = 0.0002918243408203125; LogProcessCycleTimeStd = 0.003437794561628346; LogProcessCycleTimeSum = 0.0144038200378418; SleepCycleTimeAvg = 5.005363318125407; SleepCycleTimeCount = 75.0; SleepCycleTimeMax = 5.011579990386963; SleepCycleTimeMin = 5.004208087921143; SleepCycleTimeStd = 0.001317845306419161; SleepCycleTimeSum = 375.4022488594055; SubmitCycleTimeAvg = 0.006762426150472541; SubmitCycleTimeCount = 76.0; SubmitCycleTimeMax = 0.1896159648895264; SubmitCycleTimeMin = 1.096725463867188E-05; SubmitCycleTimeStd = 0.02899841802514067; SubmitCycleTimeSum = 0.5139443874359131; ]
04/27/22 12:37:46 Currently monitoring 1 HTCondor log file(s)
04/27/22 12:37:46 Reassigning the id of job aod_J1 from (4582576.0.0) to (4582576.0.0)
04/27/22 12:37:46 Event: ULOG_SUBMIT for HTCondor Node aod_J1 (4582576.0.0) {04/27/22 12:37:41}
04/27/22 12:37:46 Number of idle job procs: 1
04/27/22 12:37:51 Currently monitoring 1 HTCondor log file(s)
04/27/22 12:37:51 Event: ULOG_EXECUTE for HTCondor Node aod_J1 (4582576.0.0) {04/27/22 12:37:50}
04/27/22 12:37:51 Number of idle job procs: 0
04/27/22 12:39:16 Currently monitoring 1 HTCondor log file(s)
04/27/22 12:39:16 Event: ULOG_JOB_TERMINATED for HTCondor Node digi_J2 (4582575.0.0) {04/27/22 12:39:11}
04/27/22 12:39:16 Number of idle job procs: 0
04/27/22 12:39:16 Warning for node digi_J2: unexpected _gotEvents value for proc 0: 0!
04/27/22 12:39:16 Node digi_J2 job proc (4582575.0.0) completed successfully.
04/27/22 12:39:16 Node digi_J2 job completed
04/27/22 12:39:16 DAG status: 0 (DAG_STATUS_OK)
04/27/22 12:39:16 Of 8 nodes total:
04/27/22 12:39:16  Done     Pre   Queued    Post   Ready   Un-Ready   Failed
04/27/22 12:39:16   ===     ===      ===     ===     ===        ===      ===
04/27/22 12:39:16     4       0        1       0       1          2        0
04/27/22 12:39:16 0 job proc(s) currently held
04/27/22 12:39:16 DAGMan Runtime Statistics: [ EventCycleTimeAvg = 0.006157700051652624; EventCycleTimeCount = 94.0; EventCycleTimeMax = 0.1914658546447754; EventCycleTimeMin = 2.408027648925781E-05; EventCycleTimeStd = 0.02640639209948802; EventCycleTimeSum = 0.5788238048553467; LogProcessCycleTimeAvg = 0.001430077986283736; LogProcessCycleTimeCount = 11.0; LogProcessCycleTimeMax = 0.01030087471008301; LogProcessCycleTimeMin = 0.0001780986785888672; LogProcessCycleTimeStd = 0.002947681535656857; LogProcessCycleTimeSum = 0.01573085784912109; SleepCycleTimeAvg = 5.005384886518438; SleepCycleTimeCount = 94.0; SleepCycleTimeMax = 5.011912107467651; SleepCycleTimeMin = 5.004128932952881; SleepCycleTimeStd = 0.001452085916916417; SleepCycleTimeSum = 470.5061793327332; SubmitCycleTimeAvg = 0.005425310134887696; SubmitCycleTimeCount = 95.0; SubmitCycleTimeMax = 0.1896159648895264; SubmitCycleTimeMin = 1.096725463867188E-05; SubmitCycleTimeStd = 0.02604169859790333; SubmitCycleTimeSum = 0.5154044628143311; ]
04/27/22 12:39:21 Submitting HTCondor Node aod_J2 job(s)...
04/27/22 12:39:21 Adding a DAGMan workflow log /storage_mnt/storage/user/sdansana/HToSS-Search/MC_production/CMSSW_12_0_2_patch1/src/generation_scripts/sample_scripts/./dag_generate.dag.nodes.log
04/27/22 12:39:21 Masking the events recorded in the DAGMAN workflow log
04/27/22 12:39:21 Mask for workflow log is 0,1,2,4,5,7,9,10,11,12,13,16,17,24,27,35,36
04/27/22 12:39:21 submitting: /usr/bin/condor_submit -a dag_node_name' '=' 'aod_J2 -a +DAGManJobId' '=' '4582569 -a DAGManJobId' '=' '4582569 -batch-name dag_generate.dag+4582569 -a submit_event_notes' '=' 'DAG' 'Node:' 'aod_J2 -a dagman_log' '=' '/storage_mnt/storage/user/sdansana/HToSS-Search/MC_production/CMSSW_12_0_2_patch1/src/generation_scripts/sample_scripts/./dag_generate.dag.nodes.log -a +DAGManNodesMask' '=' '"0,1,2,4,5,7,9,10,11,12,13,16,17,24,27,35,36" -a JOB=aod_J2 -a runnumber' '=' '2 -a DAG_STATUS' '=' '0 -a FAILED_COUNT' '=' '0 -a +KeepClaimIdle' '=' '20 -a notification' '=' 'never -a +DAGParentNodeNames' '=' '"digi_J2" /user/sdansana/HToSS-Search/MC_production/CMSSW_12_0_2_patch1/src/generation_scripts/sample_scripts/condor_aod.condor
04/27/22 12:39:21 From submit: Submitting job(s).
04/27/22 12:39:21 From submit: 1 job(s) submitted to cluster 4582577.
04/27/22 12:39:21 From submit: WARNING: the line 'JOB = aod_J2' was unused by condor_submit. Is it a typo?
04/27/22 12:39:21 	assigned HTCondor ID (4582577.0.0)
04/27/22 12:39:21 Just submitted 1 job this cycle...
04/27/22 12:39:21 DAG status: 0 (DAG_STATUS_OK)
04/27/22 12:39:21 Of 8 nodes total:
04/27/22 12:39:21  Done     Pre   Queued    Post   Ready   Un-Ready   Failed
04/27/22 12:39:21   ===     ===      ===     ===     ===        ===      ===
04/27/22 12:39:21     4       0        2       0       0          2        0
04/27/22 12:39:21 0 job proc(s) currently held
04/27/22 12:39:21 DAGMan Runtime Statistics: [ EventCycleTimeAvg = 0.006113544263337788; EventCycleTimeCount = 95.0; EventCycleTimeMax = 0.1914658546447754; EventCycleTimeMin = 2.408027648925781E-05; EventCycleTimeStd = 0.02626908276724192; EventCycleTimeSum = 0.5807867050170898; LogProcessCycleTimeAvg = 0.001430077986283736; LogProcessCycleTimeCount = 11.0; LogProcessCycleTimeMax = 0.01030087471008301; LogProcessCycleTimeMin = 0.0001780986785888672; LogProcessCycleTimeStd = 0.002947681535656857; LogProcessCycleTimeSum = 0.01573085784912109; SleepCycleTimeAvg = 5.005381162543046; SleepCycleTimeCount = 95.0; SleepCycleTimeMax = 5.011912107467651; SleepCycleTimeMin = 5.004128932952881; SleepCycleTimeStd = 0.001444797408260091; SleepCycleTimeSum = 475.5112104415894; SubmitCycleTimeAvg = 0.006099464992682139; SubmitCycleTimeCount = 96.0; SubmitCycleTimeMax = 0.1896159648895264; SubmitCycleTimeMin = 1.096725463867188E-05; SubmitCycleTimeStd = 0.0267331623967577; SubmitCycleTimeSum = 0.5855486392974854; ]
04/27/22 12:39:26 Currently monitoring 1 HTCondor log file(s)
04/27/22 12:39:26 Reassigning the id of job aod_J2 from (4582577.0.0) to (4582577.0.0)
04/27/22 12:39:26 Event: ULOG_SUBMIT for HTCondor Node aod_J2 (4582577.0.0) {04/27/22 12:39:21}
04/27/22 12:39:26 Number of idle job procs: 1
04/27/22 12:39:26 Event: ULOG_EXECUTE for HTCondor Node aod_J2 (4582577.0.0) {04/27/22 12:39:23}
04/27/22 12:39:26 Number of idle job procs: 0
04/27/22 12:49:27 601 seconds since last log event
04/27/22 12:49:27 Pending DAG nodes:
04/27/22 12:49:27   Node aod_J1, HTCondor ID 4582576, status STATUS_SUBMITTED
04/27/22 12:49:27   Node aod_J2, HTCondor ID 4582577, status STATUS_SUBMITTED
04/27/22 12:59:28 1202 seconds since last log event
04/27/22 12:59:28 Pending DAG nodes:
04/27/22 12:59:28   Node aod_J1, HTCondor ID 4582576, status STATUS_SUBMITTED
04/27/22 12:59:28   Node aod_J2, HTCondor ID 4582577, status STATUS_SUBMITTED
04/27/22 13:09:28 1802 seconds since last log event
04/27/22 13:09:28 Pending DAG nodes:
04/27/22 13:09:28   Node aod_J1, HTCondor ID 4582576, status STATUS_SUBMITTED
04/27/22 13:09:28   Node aod_J2, HTCondor ID 4582577, status STATUS_SUBMITTED
04/27/22 13:19:29 2403 seconds since last log event
04/27/22 13:19:29 Pending DAG nodes:
04/27/22 13:19:29   Node aod_J1, HTCondor ID 4582576, status STATUS_SUBMITTED
04/27/22 13:19:29   Node aod_J2, HTCondor ID 4582577, status STATUS_SUBMITTED
04/27/22 13:29:30 3004 seconds since last log event
04/27/22 13:29:30 Pending DAG nodes:
04/27/22 13:29:30   Node aod_J1, HTCondor ID 4582576, status STATUS_SUBMITTED
04/27/22 13:29:30   Node aod_J2, HTCondor ID 4582577, status STATUS_SUBMITTED
04/27/22 14:58:10 8324 seconds since last log event
04/27/22 14:58:10 Pending DAG nodes:
04/27/22 14:58:10   Node aod_J1, HTCondor ID 4582576, status STATUS_SUBMITTED
04/27/22 14:58:10   Node aod_J2, HTCondor ID 4582577, status STATUS_SUBMITTED
04/27/22 15:08:14 8928 seconds since last log event
04/27/22 15:08:14 Pending DAG nodes:
04/27/22 15:08:14   Node aod_J1, HTCondor ID 4582576, status STATUS_SUBMITTED
04/27/22 15:08:14   Node aod_J2, HTCondor ID 4582577, status STATUS_SUBMITTED
04/27/22 15:18:16 9530 seconds since last log event
04/27/22 15:18:16 Pending DAG nodes:
04/27/22 15:18:16   Node aod_J1, HTCondor ID 4582576, status STATUS_SUBMITTED
04/27/22 15:18:16   Node aod_J2, HTCondor ID 4582577, status STATUS_SUBMITTED
04/27/22 15:28:17 10131 seconds since last log event
04/27/22 15:28:17 Pending DAG nodes:
04/27/22 15:28:17   Node aod_J1, HTCondor ID 4582576, status STATUS_SUBMITTED
04/27/22 15:28:17   Node aod_J2, HTCondor ID 4582577, status STATUS_SUBMITTED
04/27/22 15:38:18 10732 seconds since last log event
04/27/22 15:38:18 Pending DAG nodes:
04/27/22 15:38:18   Node aod_J1, HTCondor ID 4582576, status STATUS_SUBMITTED
04/27/22 15:38:18   Node aod_J2, HTCondor ID 4582577, status STATUS_SUBMITTED
04/27/22 15:48:19 11333 seconds since last log event
04/27/22 15:48:19 Pending DAG nodes:
04/27/22 15:48:19   Node aod_J1, HTCondor ID 4582576, status STATUS_SUBMITTED
04/27/22 15:48:19   Node aod_J2, HTCondor ID 4582577, status STATUS_SUBMITTED
04/27/22 15:58:20 11934 seconds since last log event
04/27/22 15:58:20 Pending DAG nodes:
04/27/22 15:58:20   Node aod_J1, HTCondor ID 4582576, status STATUS_SUBMITTED
04/27/22 15:58:20   Node aod_J2, HTCondor ID 4582577, status STATUS_SUBMITTED
04/27/22 16:08:20 12534 seconds since last log event
04/27/22 16:08:20 Pending DAG nodes:
04/27/22 16:08:20   Node aod_J1, HTCondor ID 4582576, status STATUS_SUBMITTED
04/27/22 16:08:20   Node aod_J2, HTCondor ID 4582577, status STATUS_SUBMITTED
04/27/22 16:17:21 Currently monitoring 1 HTCondor log file(s)
04/27/22 16:17:21 Event: ULOG_JOB_TERMINATED for HTCondor Node aod_J2 (4582577.0.0) {04/27/22 16:17:17}
04/27/22 16:17:21 Number of idle job procs: 0
04/27/22 16:17:21 Warning for node aod_J2: unexpected _gotEvents value for proc 0: 0!
04/27/22 16:17:21 Node aod_J2 job proc (4582577.0.0) completed successfully.
04/27/22 16:17:21 Node aod_J2 job completed
04/27/22 16:17:21 DAG status: 0 (DAG_STATUS_OK)
04/27/22 16:17:21 Of 8 nodes total:
04/27/22 16:17:21  Done     Pre   Queued    Post   Ready   Un-Ready   Failed
04/27/22 16:17:21   ===     ===      ===     ===     ===        ===      ===
04/27/22 16:17:21     5       0        1       0       1          1        0
04/27/22 16:17:21 0 job proc(s) currently held
04/27/22 16:17:21 DAGMan Runtime Statistics: [ EventCycleTimeAvg = 0.01421082737430503; EventCycleTimeCount = 1711.0; EventCycleTimeMax = 17.76515102386475; EventCycleTimeMin = 1.9073486328125E-05; EventCycleTimeStd = 0.4332223414804025; EventCycleTimeSum = 24.31472563743591; LogProcessCycleTimeAvg = 0.001299142837524414; LogProcessCycleTimeCount = 13.0; LogProcessCycleTimeMax = 0.01030087471008301; LogProcessCycleTimeMin = 0.0001780986785888672; LogProcessCycleTimeStd = 0.002712092192286437; LogProcessCycleTimeSum = 0.01688885688781738; SleepCycleTimeAvg = 7.908570595194484; SleepCycleTimeCount = 1711.0; SleepCycleTimeMax = 4833.286031007767; SleepCycleTimeMin = 5.004128932952881; SleepCycleTimeStd = 116.7697093162876; SleepCycleTimeSum = 13531.56428837776; SubmitCycleTimeAvg = 0.001860980257809719; SubmitCycleTimeCount = 1712.0; SubmitCycleTimeMax = 1.375763893127441; SubmitCycleTimeMin = 7.867813110351562E-06; SubmitCycleTimeStd = 0.04228043060409198; SubmitCycleTimeSum = 3.185998201370239; ]
04/27/22 16:17:26 Submitting HTCondor Node miniaod_J2 job(s)...
04/27/22 16:17:26 Adding a DAGMan workflow log /storage_mnt/storage/user/sdansana/HToSS-Search/MC_production/CMSSW_12_0_2_patch1/src/generation_scripts/sample_scripts/./dag_generate.dag.nodes.log
04/27/22 16:17:26 Masking the events recorded in the DAGMAN workflow log
04/27/22 16:17:26 Mask for workflow log is 0,1,2,4,5,7,9,10,11,12,13,16,17,24,27,35,36
04/27/22 16:17:26 submitting: /usr/bin/condor_submit -a dag_node_name' '=' 'miniaod_J2 -a +DAGManJobId' '=' '4582569 -a DAGManJobId' '=' '4582569 -batch-name dag_generate.dag+4582569 -a submit_event_notes' '=' 'DAG' 'Node:' 'miniaod_J2 -a dagman_log' '=' '/storage_mnt/storage/user/sdansana/HToSS-Search/MC_production/CMSSW_12_0_2_patch1/src/generation_scripts/sample_scripts/./dag_generate.dag.nodes.log -a +DAGManNodesMask' '=' '"0,1,2,4,5,7,9,10,11,12,13,16,17,24,27,35,36" -a JOB=miniaod_J2 -a runnumber' '=' '2 -a DAG_STATUS' '=' '0 -a FAILED_COUNT' '=' '0 -a notification' '=' 'never -a +DAGParentNodeNames' '=' '"aod_J2" /user/sdansana/HToSS-Search/MC_production/CMSSW_12_0_2_patch1/src/generation_scripts/sample_scripts/condor_miniaod.condor
04/27/22 16:17:26 From submit: Submitting job(s).
04/27/22 16:17:26 From submit: 1 job(s) submitted to cluster 4582897.
04/27/22 16:17:26 From submit: WARNING: the line 'JOB = miniaod_J2' was unused by condor_submit. Is it a typo?
04/27/22 16:17:26 	assigned HTCondor ID (4582897.0.0)
04/27/22 16:17:26 Just submitted 1 job this cycle...
04/27/22 16:17:26 DAG status: 0 (DAG_STATUS_OK)
04/27/22 16:17:26 Of 8 nodes total:
04/27/22 16:17:26  Done     Pre   Queued    Post   Ready   Un-Ready   Failed
04/27/22 16:17:26   ===     ===      ===     ===     ===        ===      ===
04/27/22 16:17:26     5       0        2       0       0          1        0
04/27/22 16:17:26 0 job proc(s) currently held
04/27/22 16:17:26 DAGMan Runtime Statistics: [ EventCycleTimeAvg = 0.01420372877722589; EventCycleTimeCount = 1712.0; EventCycleTimeMax = 17.76515102386475; EventCycleTimeMin = 1.9073486328125E-05; EventCycleTimeStd = 0.4330958234068875; EventCycleTimeSum = 24.31678366661072; LogProcessCycleTimeAvg = 0.001299142837524414; LogProcessCycleTimeCount = 13.0; LogProcessCycleTimeMax = 0.01030087471008301; LogProcessCycleTimeMin = 0.0001780986785888672; LogProcessCycleTimeStd = 0.002712092192286437; LogProcessCycleTimeSum = 0.01688885688781738; SleepCycleTimeAvg = 7.906874544709642; SleepCycleTimeCount = 1712.0; SleepCycleTimeMax = 4833.286031007767; SleepCycleTimeMin = 5.004128932952881; SleepCycleTimeStd = 116.7356021876881; SleepCycleTimeSum = 13536.56922054291; SubmitCycleTimeAvg = 0.001990726379643945; SubmitCycleTimeCount = 1713.0; SubmitCycleTimeMax = 1.375763893127441; SubmitCycleTimeMin = 7.867813110351562E-06; SubmitCycleTimeStd = 0.04260783227303663; SubmitCycleTimeSum = 3.410114288330078; ]
04/27/22 16:17:31 Currently monitoring 1 HTCondor log file(s)
04/27/22 16:17:31 Reassigning the id of job miniaod_J2 from (4582897.0.0) to (4582897.0.0)
04/27/22 16:17:31 Event: ULOG_SUBMIT for HTCondor Node miniaod_J2 (4582897.0.0) {04/27/22 16:17:26}
04/27/22 16:17:31 Number of idle job procs: 1
04/27/22 16:17:41 Currently monitoring 1 HTCondor log file(s)
04/27/22 16:17:41 Event: ULOG_EXECUTE for HTCondor Node miniaod_J2 (4582897.0.0) {04/27/22 16:17:38}
04/27/22 16:17:41 Number of idle job procs: 0
04/27/22 16:19:16 Currently monitoring 1 HTCondor log file(s)
04/27/22 16:19:16 Event: ULOG_JOB_TERMINATED for HTCondor Node miniaod_J2 (4582897.0.0) {04/27/22 16:19:13}
04/27/22 16:19:16 Number of idle job procs: 0
04/27/22 16:19:16 Warning for node miniaod_J2: unexpected _gotEvents value for proc 0: 0!
04/27/22 16:19:16 Node miniaod_J2 job proc (4582897.0.0) completed successfully.
04/27/22 16:19:16 Node miniaod_J2 job completed
04/27/22 16:19:16 DAG status: 0 (DAG_STATUS_OK)
04/27/22 16:19:16 Of 8 nodes total:
04/27/22 16:19:16  Done     Pre   Queued    Post   Ready   Un-Ready   Failed
04/27/22 16:19:16   ===     ===      ===     ===     ===        ===      ===
04/27/22 16:19:16     6       0        1       0       0          1        0
04/27/22 16:19:16 0 job proc(s) currently held
04/27/22 16:19:16 DAGMan Runtime Statistics: [ EventCycleTimeAvg = 0.01421878645851813; EventCycleTimeCount = 1734.0; EventCycleTimeMax = 17.76515102386475; EventCycleTimeMin = 1.9073486328125E-05; EventCycleTimeStd = 0.4303750894016742; EventCycleTimeSum = 24.65537571907043; LogProcessCycleTimeAvg = 0.001175478100776672; LogProcessCycleTimeCount = 16.0; LogProcessCycleTimeMax = 0.01030087471008301; LogProcessCycleTimeMin = 0.0001780986785888672; LogProcessCycleTimeStd = 0.002440406776213672; LogProcessCycleTimeSum = 0.01880764961242676; SleepCycleTimeAvg = 7.869490556788417; SleepCycleTimeCount = 1734.0; SleepCycleTimeMax = 4833.286031007767; SleepCycleTimeMin = 4.008002996444702; SleepCycleTimeStd = 115.9927424072215; SleepCycleTimeSum = 13645.69662547112; SubmitCycleTimeAvg = 0.001965919351715176; SubmitCycleTimeCount = 1735.0; SubmitCycleTimeMax = 1.375763893127441; SubmitCycleTimeMin = 7.867813110351562E-06; SubmitCycleTimeStd = 0.04233724455978834; SubmitCycleTimeSum = 3.41087007522583; ]
04/27/22 16:29:16 600 seconds since last log event
04/27/22 16:29:16 Pending DAG nodes:
04/27/22 16:29:16   Node aod_J1, HTCondor ID 4582576, status STATUS_SUBMITTED
04/27/22 16:39:17 1201 seconds since last log event
04/27/22 16:39:17 Pending DAG nodes:
04/27/22 16:39:17   Node aod_J1, HTCondor ID 4582576, status STATUS_SUBMITTED
04/27/22 16:49:17 1801 seconds since last log event
04/27/22 16:49:17 Pending DAG nodes:
04/27/22 16:49:17   Node aod_J1, HTCondor ID 4582576, status STATUS_SUBMITTED
04/27/22 16:59:18 2402 seconds since last log event
04/27/22 16:59:18 Pending DAG nodes:
04/27/22 16:59:18   Node aod_J1, HTCondor ID 4582576, status STATUS_SUBMITTED
04/27/22 17:09:19 3003 seconds since last log event
04/27/22 17:09:19 Pending DAG nodes:
04/27/22 17:09:19   Node aod_J1, HTCondor ID 4582576, status STATUS_SUBMITTED
04/27/22 17:19:19 3603 seconds since last log event
04/27/22 17:19:19 Pending DAG nodes:
04/27/22 17:19:19   Node aod_J1, HTCondor ID 4582576, status STATUS_SUBMITTED
04/27/22 17:29:19 4203 seconds since last log event
04/27/22 17:29:19 Pending DAG nodes:
04/27/22 17:29:19   Node aod_J1, HTCondor ID 4582576, status STATUS_SUBMITTED
04/27/22 17:39:20 4804 seconds since last log event
04/27/22 17:39:20 Pending DAG nodes:
04/27/22 17:39:20   Node aod_J1, HTCondor ID 4582576, status STATUS_SUBMITTED
04/27/22 17:49:21 5405 seconds since last log event
04/27/22 17:49:21 Pending DAG nodes:
04/27/22 17:49:21   Node aod_J1, HTCondor ID 4582576, status STATUS_SUBMITTED
04/27/22 17:59:11 Currently monitoring 1 HTCondor log file(s)
04/27/22 17:59:11 Event: ULOG_JOB_TERMINATED for HTCondor Node aod_J1 (4582576.0.0) {04/27/22 17:59:10}
04/27/22 17:59:11 Number of idle job procs: 0
04/27/22 17:59:11 Warning for node aod_J1: unexpected _gotEvents value for proc 0: 0!
04/27/22 17:59:11 Node aod_J1 job proc (4582576.0.0) completed successfully.
04/27/22 17:59:11 Node aod_J1 job completed
04/27/22 17:59:11 DAG status: 0 (DAG_STATUS_OK)
04/27/22 17:59:11 Of 8 nodes total:
04/27/22 17:59:11  Done     Pre   Queued    Post   Ready   Un-Ready   Failed
04/27/22 17:59:11   ===     ===      ===     ===     ===        ===      ===
04/27/22 17:59:11     7       0        0       0       1          0        0
04/27/22 17:59:11 0 job proc(s) currently held
04/27/22 17:59:11 DAGMan Runtime Statistics: [ EventCycleTimeAvg = 0.008641323890399804; EventCycleTimeCount = 2932.0; EventCycleTimeMax = 17.76515102386475; EventCycleTimeMin = 1.9073486328125E-05; EventCycleTimeStd = 0.3310057779210542; EventCycleTimeSum = 25.33636164665222; LogProcessCycleTimeAvg = 0.001356321222641889; LogProcessCycleTimeCount = 17.0; LogProcessCycleTimeMax = 0.01030087471008301; LogProcessCycleTimeMin = 0.0001780986785888672; LogProcessCycleTimeStd = 0.002477767774962786; LogProcessCycleTimeSum = 0.02305746078491211; SleepCycleTimeAvg = 6.698786352454884; SleepCycleTimeCount = 2932.0; SleepCycleTimeMax = 4833.286031007767; SleepCycleTimeMin = 4.008002996444702; SleepCycleTimeStd = 89.20236496222279; SleepCycleTimeSum = 19640.84158539772; SubmitCycleTimeAvg = 0.001197249581291129; SubmitCycleTimeCount = 2933.0; SubmitCycleTimeMax = 1.375763893127441; SubmitCycleTimeMin = 7.867813110351562E-06; SubmitCycleTimeStd = 0.03257443951723021; SubmitCycleTimeSum = 3.51153302192688; ]
04/27/22 17:59:16 Submitting HTCondor Node miniaod_J1 job(s)...
04/27/22 17:59:16 Adding a DAGMan workflow log /storage_mnt/storage/user/sdansana/HToSS-Search/MC_production/CMSSW_12_0_2_patch1/src/generation_scripts/sample_scripts/./dag_generate.dag.nodes.log
04/27/22 17:59:16 Masking the events recorded in the DAGMAN workflow log
04/27/22 17:59:16 Mask for workflow log is 0,1,2,4,5,7,9,10,11,12,13,16,17,24,27,35,36
04/27/22 17:59:16 submitting: /usr/bin/condor_submit -a dag_node_name' '=' 'miniaod_J1 -a +DAGManJobId' '=' '4582569 -a DAGManJobId' '=' '4582569 -batch-name dag_generate.dag+4582569 -a submit_event_notes' '=' 'DAG' 'Node:' 'miniaod_J1 -a dagman_log' '=' '/storage_mnt/storage/user/sdansana/HToSS-Search/MC_production/CMSSW_12_0_2_patch1/src/generation_scripts/sample_scripts/./dag_generate.dag.nodes.log -a +DAGManNodesMask' '=' '"0,1,2,4,5,7,9,10,11,12,13,16,17,24,27,35,36" -a JOB=miniaod_J1 -a runnumber' '=' '1 -a DAG_STATUS' '=' '0 -a FAILED_COUNT' '=' '0 -a notification' '=' 'never -a +DAGParentNodeNames' '=' '"aod_J1" /user/sdansana/HToSS-Search/MC_production/CMSSW_12_0_2_patch1/src/generation_scripts/sample_scripts/condor_miniaod.condor
04/27/22 17:59:16 From submit: Submitting job(s).
04/27/22 17:59:16 From submit: 1 job(s) submitted to cluster 4583686.
04/27/22 17:59:16 From submit: WARNING: the line 'JOB = miniaod_J1' was unused by condor_submit. Is it a typo?
04/27/22 17:59:16 	assigned HTCondor ID (4583686.0.0)
04/27/22 17:59:16 Just submitted 1 job this cycle...
04/27/22 17:59:16 DAG status: 0 (DAG_STATUS_OK)
04/27/22 17:59:16 Of 8 nodes total:
04/27/22 17:59:16  Done     Pre   Queued    Post   Ready   Un-Ready   Failed
04/27/22 17:59:16   ===     ===      ===     ===     ===        ===      ===
04/27/22 17:59:16     7       0        1       0       0          0        0
04/27/22 17:59:16 0 job proc(s) currently held
04/27/22 17:59:16 DAGMan Runtime Statistics: [ EventCycleTimeAvg = 0.008639922533838407; EventCycleTimeCount = 2933.0; EventCycleTimeMax = 17.76515102386475; EventCycleTimeMin = 1.9073486328125E-05; EventCycleTimeStd = 0.3309493347119992; EventCycleTimeSum = 25.34089279174805; LogProcessCycleTimeAvg = 0.001356321222641889; LogProcessCycleTimeCount = 17.0; LogProcessCycleTimeMax = 0.01030087471008301; LogProcessCycleTimeMin = 0.0001780986785888672; LogProcessCycleTimeStd = 0.002477767774962786; LogProcessCycleTimeSum = 0.02305746078491211; SleepCycleTimeAvg = 6.698209717458236; SleepCycleTimeCount = 2933.0; SleepCycleTimeMax = 4833.286031007767; SleepCycleTimeMin = 4.008002996444702; SleepCycleTimeStd = 89.18715726930145; SleepCycleTimeSum = 19645.84910130501; SubmitCycleTimeAvg = 0.001223890653010851; SubmitCycleTimeCount = 2934.0; SubmitCycleTimeMax = 1.375763893127441; SubmitCycleTimeMin = 7.867813110351562E-06; SubmitCycleTimeStd = 0.03260083939022107; SubmitCycleTimeSum = 3.590895175933838; ]
04/27/22 17:59:21 Currently monitoring 1 HTCondor log file(s)
04/27/22 17:59:21 Reassigning the id of job miniaod_J1 from (4583686.0.0) to (4583686.0.0)
04/27/22 17:59:21 Event: ULOG_SUBMIT for HTCondor Node miniaod_J1 (4583686.0.0) {04/27/22 17:59:16}
04/27/22 17:59:21 Number of idle job procs: 1
04/27/22 17:59:36 Currently monitoring 1 HTCondor log file(s)
04/27/22 17:59:36 Event: ULOG_EXECUTE for HTCondor Node miniaod_J1 (4583686.0.0) {04/27/22 17:59:33}
04/27/22 17:59:36 Number of idle job procs: 0
04/27/22 18:09:37 601 seconds since last log event
04/27/22 18:09:37 Pending DAG nodes:
04/27/22 18:09:37   Node miniaod_J1, HTCondor ID 4583686, status STATUS_SUBMITTED
04/27/22 18:19:38 1202 seconds since last log event
04/27/22 18:19:38 Pending DAG nodes:
04/27/22 18:19:38   Node miniaod_J1, HTCondor ID 4583686, status STATUS_SUBMITTED
04/27/22 18:29:39 1803 seconds since last log event
04/27/22 18:29:39 Pending DAG nodes:
04/27/22 18:29:39   Node miniaod_J1, HTCondor ID 4583686, status STATUS_SUBMITTED
04/27/22 18:30:24 Currently monitoring 1 HTCondor log file(s)
04/27/22 18:30:24 Event: ULOG_JOB_TERMINATED for HTCondor Node miniaod_J1 (4583686.0.0) {04/27/22 18:30:24}
04/27/22 18:30:24 Number of idle job procs: 0
04/27/22 18:30:24 Warning for node miniaod_J1: unexpected _gotEvents value for proc 0: 0!
04/27/22 18:30:24 Node miniaod_J1 job proc (4583686.0.0) completed successfully.
04/27/22 18:30:24 Node miniaod_J1 job completed
04/27/22 18:30:24 DAG status: 0 (DAG_STATUS_OK)
04/27/22 18:30:24 Of 8 nodes total:
04/27/22 18:30:24  Done     Pre   Queued    Post   Ready   Un-Ready   Failed
04/27/22 18:30:24   ===     ===      ===     ===     ===        ===      ===
04/27/22 18:30:24     8       0        0       0       0          0        0
04/27/22 18:30:24 0 job proc(s) currently held
04/27/22 18:30:24 DAGMan Runtime Statistics: [ EventCycleTimeAvg = 0.007731364772886632; EventCycleTimeCount = 3306.0; EventCycleTimeMax = 17.76515102386475; EventCycleTimeMin = 1.9073486328125E-05; EventCycleTimeStd = 0.311729073500264; EventCycleTimeSum = 25.55989193916321; LogProcessCycleTimeAvg = 0.001264071464538574; LogProcessCycleTimeCount = 20.0; LogProcessCycleTimeMax = 0.01030087471008301; LogProcessCycleTimeMin = 0.0001780986785888672; LogProcessCycleTimeStd = 0.002284975382198785; LogProcessCycleTimeSum = 0.02528142929077148; SleepCycleTimeAvg = 6.507391143696133; SleepCycleTimeCount = 3306.0; SleepCycleTimeMax = 4833.286031007767; SleepCycleTimeMin = 4.008002996444702; SleepCycleTimeStd = 84.0054351794831; SleepCycleTimeSum = 21513.43512105942; SubmitCycleTimeAvg = 0.001092804354196738; SubmitCycleTimeCount = 3307.0; SubmitCycleTimeMax = 1.375763893127441; SubmitCycleTimeMin = 7.152557373046875E-06; SubmitCycleTimeStd = 0.030709078523629; SubmitCycleTimeSum = 3.613903999328613; ]
04/27/22 18:30:24 All jobs Completed!
04/27/22 18:30:24 Note: 0 total job deferrals because of -MaxJobs limit (0)
04/27/22 18:30:24 Note: 0 total job deferrals because of -MaxIdle limit (1000)
04/27/22 18:30:24 Note: 0 total job deferrals because of node category throttles
04/27/22 18:30:24 Note: 0 total PRE script deferrals because of -MaxPre limit (20) or DEFER
04/27/22 18:30:24 Note: 0 total POST script deferrals because of -MaxPost limit (20) or DEFER
04/27/22 18:30:24 DAG status: 0 (DAG_STATUS_OK)
04/27/22 18:30:24 Of 8 nodes total:
04/27/22 18:30:24  Done     Pre   Queued    Post   Ready   Un-Ready   Failed
04/27/22 18:30:24   ===     ===      ===     ===     ===        ===      ===
04/27/22 18:30:24     8       0        0       0       0          0        0
04/27/22 18:30:24 0 job proc(s) currently held
04/27/22 18:30:24 DAGMan Runtime Statistics: [ EventCycleTimeAvg = 0.007731364772886632; EventCycleTimeCount = 3306.0; EventCycleTimeMax = 17.76515102386475; EventCycleTimeMin = 1.9073486328125E-05; EventCycleTimeStd = 0.311729073500264; EventCycleTimeSum = 25.55989193916321; LogProcessCycleTimeAvg = 0.001264071464538574; LogProcessCycleTimeCount = 20.0; LogProcessCycleTimeMax = 0.01030087471008301; LogProcessCycleTimeMin = 0.0001780986785888672; LogProcessCycleTimeStd = 0.002284975382198785; LogProcessCycleTimeSum = 0.02528142929077148; SleepCycleTimeAvg = 6.507391143696133; SleepCycleTimeCount = 3306.0; SleepCycleTimeMax = 4833.286031007767; SleepCycleTimeMin = 4.008002996444702; SleepCycleTimeStd = 84.0054351794831; SleepCycleTimeSum = 21513.43512105942; SubmitCycleTimeAvg = 0.001092804354196738; SubmitCycleTimeCount = 3307.0; SubmitCycleTimeMax = 1.375763893127441; SubmitCycleTimeMin = 7.152557373046875E-06; SubmitCycleTimeStd = 0.030709078523629; SubmitCycleTimeSum = 3.613903999328613; ]
04/27/22 18:30:24 Wrote metrics file dag_generate.dag.metrics.
04/27/22 18:30:24 DAGMan Runtime Statistics: [ EventCycleTimeAvg = 0.007731364772886632; EventCycleTimeCount = 3306.0; EventCycleTimeMax = 17.76515102386475; EventCycleTimeMin = 1.9073486328125E-05; EventCycleTimeStd = 0.311729073500264; EventCycleTimeSum = 25.55989193916321; LogProcessCycleTimeAvg = 0.001264071464538574; LogProcessCycleTimeCount = 20.0; LogProcessCycleTimeMax = 0.01030087471008301; LogProcessCycleTimeMin = 0.0001780986785888672; LogProcessCycleTimeStd = 0.002284975382198785; LogProcessCycleTimeSum = 0.02528142929077148; SleepCycleTimeAvg = 6.507391143696133; SleepCycleTimeCount = 3306.0; SleepCycleTimeMax = 4833.286031007767; SleepCycleTimeMin = 4.008002996444702; SleepCycleTimeStd = 84.0054351794831; SleepCycleTimeSum = 21513.43512105942; SubmitCycleTimeAvg = 0.001092804354196738; SubmitCycleTimeCount = 3307.0; SubmitCycleTimeMax = 1.375763893127441; SubmitCycleTimeMin = 7.152557373046875E-06; SubmitCycleTimeStd = 0.030709078523629; SubmitCycleTimeSum = 3.613903999328613; ]
04/27/22 18:30:24 **** condor_scheduniv_exec.4582569.0 (condor_DAGMAN) pid 4024462 EXITING WITH STATUS 0
04/28/22 16:52:21 ******************************************************
04/28/22 16:52:21 ** condor_scheduniv_exec.4590048.0 (CONDOR_DAGMAN) STARTING UP
04/28/22 16:52:21 ** /usr/bin/condor_dagman
04/28/22 16:52:21 ** SubsystemInfo: name=DAGMAN type=DAGMAN(10) class=DAEMON(1)
04/28/22 16:52:21 ** Configuration: subsystem:DAGMAN local:<NONE> class:DAEMON
04/28/22 16:52:21 ** $CondorVersion: 8.9.8 Aug 05 2020 BuildID: 513887 PackageID: 8.9.8-1 $
04/28/22 16:52:21 ** $CondorPlatform: x86_64_CentOS7 $
04/28/22 16:52:21 ** PID = 80018
04/28/22 16:52:21 ** Log last touched 4/27 18:30:24
04/28/22 16:52:21 ******************************************************
04/28/22 16:52:21 Using config source: /etc/condor/condor_config
04/28/22 16:52:21 Using local config sources: 
04/28/22 16:52:21    /etc/condor/config.d/00_config_local.config
04/28/22 16:52:21    /etc/condor/config.d/10_security.config
04/28/22 16:52:21    /etc/condor/config.d/12_resourcelimits.config
04/28/22 16:52:21    /etc/condor/config.d/21_schedd.config
04/28/22 16:52:21    /etc/condor/config.d/23_ganglia.config
04/28/22 16:52:21    /etc/condor/config.d/50_schedd_log_rotation.conf
04/28/22 16:52:21    /etc/condor/config.d/70_schedd_custom.conf
04/28/22 16:52:21    /etc/condor/config.d/98_iihe_extras.conf
04/28/22 16:52:21    /etc/condor/config.d/99-site-sec-fix-auth.conf
04/28/22 16:52:21    /etc/condor/condor_config.local
04/28/22 16:52:21 config Macros = 148, Sorted = 148, StringBytes = 5987, TablesBytes = 5440
04/28/22 16:52:21 CLASSAD_CACHING is ENABLED
04/28/22 16:52:21 Daemon Log is logging: D_ALWAYS D_ERROR
04/28/22 16:52:21 DaemonCore: No command port requested.
04/28/22 16:52:21 DAGMAN_USE_STRICT setting: 1
04/28/22 16:52:21 DAGMAN_VERBOSITY setting: 3
04/28/22 16:52:21 DAGMAN_DEBUG_CACHE_SIZE setting: 5242880
04/28/22 16:52:21 DAGMAN_DEBUG_CACHE_ENABLE setting: False
04/28/22 16:52:21 DAGMAN_SUBMIT_DELAY setting: 0
04/28/22 16:52:21 DAGMAN_MAX_SUBMIT_ATTEMPTS setting: 6
04/28/22 16:52:21 DAGMAN_STARTUP_CYCLE_DETECT setting: False
04/28/22 16:52:21 DAGMAN_MAX_SUBMITS_PER_INTERVAL setting: 100
04/28/22 16:52:21 DAGMAN_AGGRESSIVE_SUBMIT setting: False
04/28/22 16:52:21 DAGMAN_USER_LOG_SCAN_INTERVAL setting: 5
04/28/22 16:52:21 DAGMAN_QUEUE_UPDATE_INTERVAL setting: 300
04/28/22 16:52:21 DAGMAN_DEFAULT_PRIORITY setting: 0
04/28/22 16:52:21 DAGMAN_SUPPRESS_NOTIFICATION setting: True
04/28/22 16:52:21 allow_events (DAGMAN_ALLOW_EVENTS) setting: 114
04/28/22 16:52:21 DAGMAN_RETRY_SUBMIT_FIRST setting: True
04/28/22 16:52:21 DAGMAN_RETRY_NODE_FIRST setting: False
04/28/22 16:52:21 DAGMAN_MAX_JOBS_IDLE setting: 1000
04/28/22 16:52:21 DAGMAN_MAX_JOBS_SUBMITTED setting: 0
04/28/22 16:52:21 DAGMAN_MAX_PRE_SCRIPTS setting: 20
04/28/22 16:52:21 DAGMAN_MAX_POST_SCRIPTS setting: 20
04/28/22 16:52:21 DAGMAN_MUNGE_NODE_NAMES setting: True
04/28/22 16:52:21 DAGMAN_PROHIBIT_MULTI_JOBS setting: False
04/28/22 16:52:21 DAGMAN_SUBMIT_DEPTH_FIRST setting: False
04/28/22 16:52:21 DAGMAN_ALWAYS_RUN_POST setting: False
04/28/22 16:52:21 DAGMAN_CONDOR_SUBMIT_EXE setting: /usr/bin/condor_submit
04/28/22 16:52:21 DAGMAN_USE_CONDOR_SUBMIT setting: True
04/28/22 16:52:21 DAGMAN_ABORT_DUPLICATES setting: True
04/28/22 16:52:21 DAGMAN_ABORT_ON_SCARY_SUBMIT setting: True
04/28/22 16:52:21 DAGMAN_PENDING_REPORT_INTERVAL setting: 600
04/28/22 16:52:21 DAGMAN_AUTO_RESCUE setting: True
04/28/22 16:52:21 DAGMAN_MAX_RESCUE_NUM setting: 100
04/28/22 16:52:21 DAGMAN_WRITE_PARTIAL_RESCUE setting: True
04/28/22 16:52:21 DAGMAN_DEFAULT_NODE_LOG setting: @(DAG_DIR)/@(DAG_FILE).nodes.log
04/28/22 16:52:21 DAGMAN_GENERATE_SUBDAG_SUBMITS setting: True
04/28/22 16:52:21 DAGMAN_MAX_JOB_HOLDS setting: 100
04/28/22 16:52:21 DAGMAN_HOLD_CLAIM_TIME setting: 20
04/28/22 16:52:21 ALL_DEBUG setting: 
04/28/22 16:52:21 DAGMAN_DEBUG setting: 
04/28/22 16:52:21 DAGMAN_SUPPRESS_JOB_LOGS setting: False
04/28/22 16:52:21 DAGMAN_REMOVE_NODE_JOBS setting: True
04/28/22 16:52:21 DAGMAN will adjust edges after parsing
04/28/22 16:52:21 argv[0] == "condor_scheduniv_exec.4590048.0"
04/28/22 16:52:21 argv[1] == "-Lockfile"
04/28/22 16:52:21 argv[2] == "dag_generate.dag.lock"
04/28/22 16:52:21 argv[3] == "-AutoRescue"
04/28/22 16:52:21 argv[4] == "1"
04/28/22 16:52:21 argv[5] == "-DoRescueFrom"
04/28/22 16:52:21 argv[6] == "0"
04/28/22 16:52:21 argv[7] == "-Dag"
04/28/22 16:52:21 argv[8] == "dag_generate.dag"
04/28/22 16:52:21 argv[9] == "-Suppress_notification"
04/28/22 16:52:21 argv[10] == "-CsdVersion"
04/28/22 16:52:21 argv[11] == "$CondorVersion: 8.9.8 Aug 05 2020 BuildID: 513887 PackageID: 8.9.8-1 $"
04/28/22 16:52:21 argv[12] == "-Force"
04/28/22 16:52:21 argv[13] == "-Dagman"
04/28/22 16:52:21 argv[14] == "/usr/bin/condor_dagman"
04/28/22 16:52:21 Workflow batch-name: <dag_generate.dag+4590048>
04/28/22 16:52:21 Workflow accounting_group: <>
04/28/22 16:52:21 Workflow accounting_group_user: <>
04/28/22 16:52:21 Warning: failed to get attribute DAGNodeName
04/28/22 16:52:21 DAGMAN_LOG_ON_NFS_IS_ERROR setting: False
04/28/22 16:52:21 Default node log file is: </storage_mnt/storage/user/sdansana/HToSS-Search/MC_production/CMSSW_12_0_2_patch1/src/generation_scripts/sample_scripts/./dag_generate.dag.nodes.log>
04/28/22 16:52:21 DAG Lockfile will be written to dag_generate.dag.lock
04/28/22 16:52:21 DAG Input file is dag_generate.dag
04/28/22 16:52:21 Parsing 1 dagfiles
04/28/22 16:52:21 Parsing dag_generate.dag ...
04/28/22 16:52:21 Adjusting edges
04/28/22 16:52:21 Dag contains 8 total jobs
04/28/22 16:52:21 Bootstrapping...
04/28/22 16:52:21 Number of pre-completed nodes: 0
04/28/22 16:52:21 MultiLogFiles: truncating log file /storage_mnt/storage/user/sdansana/HToSS-Search/MC_production/CMSSW_12_0_2_patch1/src/generation_scripts/sample_scripts/./dag_generate.dag.nodes.log
04/28/22 16:52:21 DAG status: 0 (DAG_STATUS_OK)
04/28/22 16:52:21 Of 8 nodes total:
04/28/22 16:52:21  Done     Pre   Queued    Post   Ready   Un-Ready   Failed
04/28/22 16:52:21   ===     ===      ===     ===     ===        ===      ===
04/28/22 16:52:21     0       0        0       0       2          6        0
04/28/22 16:52:21 0 job proc(s) currently held
04/28/22 16:52:21 DAGMan Runtime Statistics: [ EventCycleTimeCount = 0.0; EventCycleTimeSum = 0.0; LogProcessCycleTimeCount = 0.0; LogProcessCycleTimeSum = 0.0; SleepCycleTimeCount = 0.0; SleepCycleTimeSum = 0.0; SubmitCycleTimeCount = 0.0; SubmitCycleTimeSum = 0.0; ]
04/28/22 16:52:21 Registering condor_event_timer...
04/28/22 16:52:22 Submitting HTCondor Node gen_J1 job(s)...
04/28/22 16:52:22 Adding a DAGMan workflow log /storage_mnt/storage/user/sdansana/HToSS-Search/MC_production/CMSSW_12_0_2_patch1/src/generation_scripts/sample_scripts/./dag_generate.dag.nodes.log
04/28/22 16:52:22 Masking the events recorded in the DAGMAN workflow log
04/28/22 16:52:22 Mask for workflow log is 0,1,2,4,5,7,9,10,11,12,13,16,17,24,27,35,36
04/28/22 16:52:22 submitting: /usr/bin/condor_submit -a dag_node_name' '=' 'gen_J1 -a +DAGManJobId' '=' '4590048 -a DAGManJobId' '=' '4590048 -batch-name dag_generate.dag+4590048 -a submit_event_notes' '=' 'DAG' 'Node:' 'gen_J1 -a dagman_log' '=' '/storage_mnt/storage/user/sdansana/HToSS-Search/MC_production/CMSSW_12_0_2_patch1/src/generation_scripts/sample_scripts/./dag_generate.dag.nodes.log -a +DAGManNodesMask' '=' '"0,1,2,4,5,7,9,10,11,12,13,16,17,24,27,35,36" -a JOB=gen_J1 -a runnumber' '=' '1 -a DAG_STATUS' '=' '0 -a FAILED_COUNT' '=' '0 -a +KeepClaimIdle' '=' '20 -a notification' '=' 'never -a +DAGParentNodeNames' '=' '"" /user/sdansana/HToSS-Search/MC_production/CMSSW_12_0_2_patch1/src/generation_scripts/sample_scripts/condor_gen-sim.condor
04/28/22 16:52:22 From submit: Submitting job(s).
04/28/22 16:52:22 From submit: 1 job(s) submitted to cluster 4590049.
04/28/22 16:52:22 From submit: WARNING: the line 'JOB = gen_J1' was unused by condor_submit. Is it a typo?
04/28/22 16:52:22 	assigned HTCondor ID (4590049.0.0)
04/28/22 16:52:22 Submitting HTCondor Node gen_J2 job(s)...
04/28/22 16:52:22 Adding a DAGMan workflow log /storage_mnt/storage/user/sdansana/HToSS-Search/MC_production/CMSSW_12_0_2_patch1/src/generation_scripts/sample_scripts/./dag_generate.dag.nodes.log
04/28/22 16:52:22 Masking the events recorded in the DAGMAN workflow log
04/28/22 16:52:22 Mask for workflow log is 0,1,2,4,5,7,9,10,11,12,13,16,17,24,27,35,36
04/28/22 16:52:22 submitting: /usr/bin/condor_submit -a dag_node_name' '=' 'gen_J2 -a +DAGManJobId' '=' '4590048 -a DAGManJobId' '=' '4590048 -batch-name dag_generate.dag+4590048 -a submit_event_notes' '=' 'DAG' 'Node:' 'gen_J2 -a dagman_log' '=' '/storage_mnt/storage/user/sdansana/HToSS-Search/MC_production/CMSSW_12_0_2_patch1/src/generation_scripts/sample_scripts/./dag_generate.dag.nodes.log -a +DAGManNodesMask' '=' '"0,1,2,4,5,7,9,10,11,12,13,16,17,24,27,35,36" -a JOB=gen_J2 -a runnumber' '=' '2 -a DAG_STATUS' '=' '0 -a FAILED_COUNT' '=' '0 -a +KeepClaimIdle' '=' '20 -a notification' '=' 'never -a +DAGParentNodeNames' '=' '"" /user/sdansana/HToSS-Search/MC_production/CMSSW_12_0_2_patch1/src/generation_scripts/sample_scripts/condor_gen-sim.condor
04/28/22 16:52:22 From submit: Submitting job(s).
04/28/22 16:52:22 From submit: 1 job(s) submitted to cluster 4590050.
04/28/22 16:52:22 From submit: WARNING: the line 'JOB = gen_J2' was unused by condor_submit. Is it a typo?
04/28/22 16:52:22 	assigned HTCondor ID (4590050.0.0)
04/28/22 16:52:22 Just submitted 2 jobs this cycle...
04/28/22 16:52:22 DAG status: 0 (DAG_STATUS_OK)
04/28/22 16:52:22 Of 8 nodes total:
04/28/22 16:52:22  Done     Pre   Queued    Post   Ready   Un-Ready   Failed
04/28/22 16:52:22   ===     ===      ===     ===     ===        ===      ===
04/28/22 16:52:22     0       0        2       0       0          6        0
04/28/22 16:52:22 0 job proc(s) currently held
04/28/22 16:52:22 DAGMan Runtime Statistics: [ EventCycleTimeCount = 0.0; EventCycleTimeSum = 0.0; LogProcessCycleTimeCount = 0.0; LogProcessCycleTimeSum = 0.0; SleepCycleTimeCount = 0.0; SleepCycleTimeSum = 0.0; SubmitCycleTimeAvg = 0.1983931064605713; SubmitCycleTimeCount = 1.0; SubmitCycleTimeMax = 0.1983931064605713; SubmitCycleTimeMin = 0.1983931064605713; SubmitCycleTimeStd = 0.1983931064605713; SubmitCycleTimeSum = 0.1983931064605713; ]
04/28/22 16:52:27 Currently monitoring 1 HTCondor log file(s)
04/28/22 16:52:27 Reassigning the id of job gen_J1 from (4590049.0.0) to (4590049.0.0)
04/28/22 16:52:27 Event: ULOG_SUBMIT for HTCondor Node gen_J1 (4590049.0.0) {04/28/22 16:52:22}
04/28/22 16:52:27 Number of idle job procs: 1
04/28/22 16:52:27 Reassigning the id of job gen_J2 from (4590050.0.0) to (4590050.0.0)
04/28/22 16:52:27 Event: ULOG_SUBMIT for HTCondor Node gen_J2 (4590050.0.0) {04/28/22 16:52:22}
04/28/22 16:52:27 Number of idle job procs: 2
04/28/22 16:52:37 Currently monitoring 1 HTCondor log file(s)
04/28/22 16:52:37 Event: ULOG_EXECUTE for HTCondor Node gen_J1 (4590049.0.0) {04/28/22 16:52:35}
04/28/22 16:52:37 Number of idle job procs: 1
04/28/22 16:52:37 Event: ULOG_EXECUTE for HTCondor Node gen_J2 (4590050.0.0) {04/28/22 16:52:35}
04/28/22 16:52:37 Number of idle job procs: 0
04/28/22 17:02:38 601 seconds since last log event
04/28/22 17:02:38 Pending DAG nodes:
04/28/22 17:02:38   Node gen_J1, HTCondor ID 4590049, status STATUS_SUBMITTED
04/28/22 17:02:38   Node gen_J2, HTCondor ID 4590050, status STATUS_SUBMITTED
04/28/22 17:12:39 1202 seconds since last log event
04/28/22 17:12:39 Pending DAG nodes:
04/28/22 17:12:39   Node gen_J1, HTCondor ID 4590049, status STATUS_SUBMITTED
04/28/22 17:12:39   Node gen_J2, HTCondor ID 4590050, status STATUS_SUBMITTED
04/28/22 17:22:39 1802 seconds since last log event
04/28/22 17:22:39 Pending DAG nodes:
04/28/22 17:22:39   Node gen_J1, HTCondor ID 4590049, status STATUS_SUBMITTED
04/28/22 17:22:39   Node gen_J2, HTCondor ID 4590050, status STATUS_SUBMITTED
04/28/22 17:32:40 2403 seconds since last log event
04/28/22 17:32:40 Pending DAG nodes:
04/28/22 17:32:40   Node gen_J1, HTCondor ID 4590049, status STATUS_SUBMITTED
04/28/22 17:32:40   Node gen_J2, HTCondor ID 4590050, status STATUS_SUBMITTED
04/28/22 17:42:41 3004 seconds since last log event
04/28/22 17:42:41 Pending DAG nodes:
04/28/22 17:42:41   Node gen_J1, HTCondor ID 4590049, status STATUS_SUBMITTED
04/28/22 17:42:41   Node gen_J2, HTCondor ID 4590050, status STATUS_SUBMITTED
